2025-12-24T09:41:58.735+05:30  INFO 24480 --- [transaction-service] [restartedMain] c.c.t.TransactionServiceApplication      : Starting TransactionServiceApplication using Java 17.0.17 with PID 24480 (C:\Users\abehera042\Project_Works\credit-card-portal\backend\transaction-service\target\classes started by abehera042 in C:\Users\abehera042\Project_Works\credit-card-portal\backend\transaction-service)
2025-12-24T09:41:58.770+05:30 DEBUG 24480 --- [transaction-service] [restartedMain] c.c.t.TransactionServiceApplication      : Running with Spring Boot v3.4.12, Spring v6.2.14
2025-12-24T09:41:58.772+05:30  INFO 24480 --- [transaction-service] [restartedMain] c.c.t.TransactionServiceApplication      : No active profile set, falling back to 1 default profile: "default"
2025-12-24T09:41:58.887+05:30  INFO 24480 --- [transaction-service] [restartedMain] .e.DevToolsPropertyDefaultsPostProcessor : Devtools property defaults active! Set 'spring.devtools.add-properties' to 'false' to disable
2025-12-24T09:41:58.888+05:30  INFO 24480 --- [transaction-service] [restartedMain] .e.DevToolsPropertyDefaultsPostProcessor : For additional web related logging consider setting the 'logging.level.web' property to 'DEBUG'
2025-12-24T09:42:02.486+05:30 DEBUG 24480 --- [transaction-service] [restartedMain] o.s.c.openfeign.FeignClientsRegistrar$1  : Identified candidate component class: file [C:\Users\abehera042\Project_Works\credit-card-portal\backend\transaction-service\target\classes\com\creditcard\transaction\feign\CardServiceClient.class]
2025-12-24T09:42:02.488+05:30 DEBUG 24480 --- [transaction-service] [restartedMain] o.s.c.openfeign.FeignClientsRegistrar$1  : Identified candidate component class: file [C:\Users\abehera042\Project_Works\credit-card-portal\backend\transaction-service\target\classes\com\creditcard\transaction\feign\CustomerServiceClient.class]
2025-12-24T09:42:03.703+05:30  INFO 24480 --- [transaction-service] [restartedMain] .s.d.r.c.RepositoryConfigurationDelegate : Bootstrapping Spring Data JPA repositories in DEFAULT mode.
2025-12-24T09:42:04.049+05:30  INFO 24480 --- [transaction-service] [restartedMain] .s.d.r.c.RepositoryConfigurationDelegate : Finished Spring Data repository scanning in 317 ms. Found 1 JPA repository interface.
2025-12-24T09:42:04.631+05:30  INFO 24480 --- [transaction-service] [restartedMain] o.s.cloud.context.scope.GenericScope     : BeanFactory id=e850230c-0baf-39f2-bc9d-daf274e4eb03
2025-12-24T09:42:05.942+05:30  INFO 24480 --- [transaction-service] [restartedMain] o.s.b.w.embedded.tomcat.TomcatWebServer  : Tomcat initialized with port 8083 (http)
2025-12-24T09:42:05.975+05:30  INFO 24480 --- [transaction-service] [restartedMain] o.apache.catalina.core.StandardService   : Starting service [Tomcat]
2025-12-24T09:42:05.976+05:30  INFO 24480 --- [transaction-service] [restartedMain] o.apache.catalina.core.StandardEngine    : Starting Servlet engine: [Apache Tomcat/10.1.49]
2025-12-24T09:42:06.196+05:30  INFO 24480 --- [transaction-service] [restartedMain] o.a.c.c.C.[Tomcat].[localhost].[/]       : Initializing Spring embedded WebApplicationContext
2025-12-24T09:42:06.197+05:30  INFO 24480 --- [transaction-service] [restartedMain] w.s.c.ServletWebServerApplicationContext : Root WebApplicationContext: initialization completed in 7306 ms
2025-12-24T09:42:06.753+05:30  INFO 24480 --- [transaction-service] [restartedMain] o.hibernate.jpa.internal.util.LogHelper  : HHH000204: Processing PersistenceUnitInfo [name: default]
2025-12-24T09:42:06.895+05:30  INFO 24480 --- [transaction-service] [restartedMain] org.hibernate.Version                    : HHH000412: Hibernate ORM core version 6.6.36.Final
2025-12-24T09:42:06.985+05:30  INFO 24480 --- [transaction-service] [restartedMain] o.h.c.internal.RegionFactoryInitiator    : HHH000026: Second-level cache disabled
2025-12-24T09:42:07.615+05:30  INFO 24480 --- [transaction-service] [restartedMain] o.s.o.j.p.SpringPersistenceUnitInfo      : No LoadTimeWeaver setup: ignoring JPA class transformer
2025-12-24T09:42:07.690+05:30  INFO 24480 --- [transaction-service] [restartedMain] com.zaxxer.hikari.HikariDataSource       : TransactionServiceHikariCP - Starting...
2025-12-24T09:42:08.868+05:30  INFO 24480 --- [transaction-service] [restartedMain] com.zaxxer.hikari.pool.HikariPool        : TransactionServiceHikariCP - Added connection org.postgresql.jdbc.PgConnection@63f62643
2025-12-24T09:42:08.872+05:30  INFO 24480 --- [transaction-service] [restartedMain] com.zaxxer.hikari.HikariDataSource       : TransactionServiceHikariCP - Start completed.
2025-12-24T09:42:09.000+05:30  WARN 24480 --- [transaction-service] [restartedMain] org.hibernate.orm.deprecation            : HHH90000025: PostgreSQLDialect does not need to be specified explicitly using 'hibernate.dialect' (remove the property setting and it will be selected by default)
2025-12-24T09:42:09.058+05:30  INFO 24480 --- [transaction-service] [restartedMain] org.hibernate.orm.connections.pooling    : HHH10001005: Database info:
	Database JDBC URL [Connecting through datasource 'HikariDataSource (TransactionServiceHikariCP)']
	Database driver: undefined/unknown
	Database version: 17.7
	Autocommit mode: undefined/unknown
	Isolation level: undefined/unknown
	Minimum pool size: undefined/unknown
	Maximum pool size: undefined/unknown
2025-12-24T09:42:11.408+05:30  INFO 24480 --- [transaction-service] [restartedMain] o.h.e.t.j.p.i.JtaPlatformInitiator       : HHH000489: No JTA platform available (set 'hibernate.transaction.jta.platform' to enable JTA platform integration)
2025-12-24T09:42:11.718+05:30  INFO 24480 --- [transaction-service] [restartedMain] j.LocalContainerEntityManagerFactoryBean : Initialized JPA EntityManagerFactory for persistence unit 'default'
2025-12-24T09:42:12.484+05:30  INFO 24480 --- [transaction-service] [restartedMain] o.s.d.j.r.query.QueryEnhancerFactory     : Hibernate is in classpath; If applicable, HQL parser will be used.
2025-12-24T09:42:14.362+05:30 DEBUG 24480 --- [transaction-service] [restartedMain] o.s.c.openfeign.FeignClientFactoryBean   : Creating a FeignClientFactoryBean.
2025-12-24T09:42:14.988+05:30  WARN 24480 --- [transaction-service] [restartedMain] o.s.b.d.a.OptionalLiveReloadServer       : Unable to start LiveReload server
2025-12-24T09:42:15.236+05:30 DEBUG 24480 --- [transaction-service] [restartedMain] o.s.c.openfeign.FeignClientFactoryBean   : Creating a FeignClientFactoryBean.
2025-12-24T09:42:18.975+05:30  INFO 24480 --- [transaction-service] [restartedMain] o.s.cloud.commons.util.InetUtils         : Cannot determine local hostname
2025-12-24T09:42:19.001+05:30  INFO 24480 --- [transaction-service] [restartedMain] DiscoveryClientOptionalArgsConfiguration : Eureka HTTP Client uses RestTemplate.
2025-12-24T09:42:19.073+05:30  WARN 24480 --- [transaction-service] [restartedMain] iguration$LoadBalancerCaffeineWarnLogger : Spring Cloud LoadBalancer is currently working with the default cache. While this cache implementation is useful for development and tests, it's recommended to use Caffeine cache in production.You can switch to using Caffeine cache, by adding it and org.springframework.cache.caffeine.CaffeineCacheManager to the classpath.
2025-12-24T09:42:19.102+05:30  INFO 24480 --- [transaction-service] [restartedMain] o.s.b.a.e.web.EndpointLinksResolver      : Exposing 3 endpoints beneath base path '/actuator'
2025-12-24T09:42:19.338+05:30  INFO 24480 --- [transaction-service] [restartedMain] o.s.b.w.embedded.tomcat.TomcatWebServer  : Tomcat started on port 8083 (http) with context path '/'
2025-12-24T09:42:20.697+05:30  INFO 24480 --- [transaction-service] [restartedMain] o.s.cloud.commons.util.InetUtils         : Cannot determine local hostname
2025-12-24T09:42:20.749+05:30  INFO 24480 --- [transaction-service] [restartedMain] c.c.t.TransactionServiceApplication      : Started TransactionServiceApplication in 24.32 seconds (process running for 26.97)
2025-12-24T09:42:21.202+05:30  INFO 24480 --- [transaction-service] [RMI TCP Connection(4)-127.0.0.1] o.a.c.c.C.[Tomcat].[localhost].[/]       : Initializing Spring DispatcherServlet 'dispatcherServlet'
2025-12-24T09:42:21.203+05:30  INFO 24480 --- [transaction-service] [RMI TCP Connection(4)-127.0.0.1] o.s.web.servlet.DispatcherServlet        : Initializing Servlet 'dispatcherServlet'
2025-12-24T09:42:21.209+05:30  INFO 24480 --- [transaction-service] [RMI TCP Connection(4)-127.0.0.1] o.s.web.servlet.DispatcherServlet        : Completed initialization in 5 ms
2025-12-24T09:51:22.696+05:30  INFO 24480 --- [transaction-service] [http-nio-8083-exec-1] c.c.t.controller.TransactionController   : REST request to get transactions for customer: 3
2025-12-24T09:51:22.741+05:30  INFO 24480 --- [transaction-service] [http-nio-8083-exec-1] c.c.t.s.impl.TransactionServiceImpl      : Fetching all transactions for customer ID: 3
2025-12-24T09:51:23.158+05:30 DEBUG 24480 --- [transaction-service] [http-nio-8083-exec-1] org.hibernate.SQL                        : 
    /* <criteria> */ select
        t1_0.id,
        t1_0.amount,
        t1_0.authorization_code,
        t1_0.card_id,
        t1_0.created_at,
        t1_0.currency,
        t1_0.customer_id,
        t1_0.description,
        t1_0.failure_reason,
        t1_0.ip_address,
        t1_0.is_reversed,
        t1_0.merchant_category,
        t1_0.merchant_name,
        t1_0.new_balance,
        t1_0.notes,
        t1_0.previous_balance,
        t1_0.reversal_reference,
        t1_0.status,
        t1_0.transaction_date,
        t1_0.transaction_reference,
        t1_0.type,
        t1_0.updated_at 
    from
        transactions t1_0 
    where
        t1_0.customer_id=?
2025-12-24T09:51:23.987+05:30  INFO 24480 --- [transaction-service] [http-nio-8083-exec-2] c.c.t.controller.TransactionController   : REST request to get transactions for customer: 3
2025-12-24T09:51:23.989+05:30  INFO 24480 --- [transaction-service] [http-nio-8083-exec-2] c.c.t.s.impl.TransactionServiceImpl      : Fetching all transactions for customer ID: 3
2025-12-24T09:51:23.995+05:30 DEBUG 24480 --- [transaction-service] [http-nio-8083-exec-2] org.hibernate.SQL                        : 
    /* <criteria> */ select
        t1_0.id,
        t1_0.amount,
        t1_0.authorization_code,
        t1_0.card_id,
        t1_0.created_at,
        t1_0.currency,
        t1_0.customer_id,
        t1_0.description,
        t1_0.failure_reason,
        t1_0.ip_address,
        t1_0.is_reversed,
        t1_0.merchant_category,
        t1_0.merchant_name,
        t1_0.new_balance,
        t1_0.notes,
        t1_0.previous_balance,
        t1_0.reversal_reference,
        t1_0.status,
        t1_0.transaction_date,
        t1_0.transaction_reference,
        t1_0.type,
        t1_0.updated_at 
    from
        transactions t1_0 
    where
        t1_0.customer_id=?
2025-12-24T09:52:23.654+05:30  INFO 24480 --- [transaction-service] [http-nio-8083-exec-3] c.c.t.controller.TransactionController   : REST request to get all transactions - page: 0, size: 10
2025-12-24T09:52:23.665+05:30  INFO 24480 --- [transaction-service] [http-nio-8083-exec-3] c.c.t.s.impl.TransactionServiceImpl      : Fetching all transactions with pagination
2025-12-24T09:52:23.732+05:30 DEBUG 24480 --- [transaction-service] [http-nio-8083-exec-3] org.hibernate.SQL                        : 
    /* <criteria> */ select
        t1_0.id,
        t1_0.amount,
        t1_0.authorization_code,
        t1_0.card_id,
        t1_0.created_at,
        t1_0.currency,
        t1_0.customer_id,
        t1_0.description,
        t1_0.failure_reason,
        t1_0.ip_address,
        t1_0.is_reversed,
        t1_0.merchant_category,
        t1_0.merchant_name,
        t1_0.new_balance,
        t1_0.notes,
        t1_0.previous_balance,
        t1_0.reversal_reference,
        t1_0.status,
        t1_0.transaction_date,
        t1_0.transaction_reference,
        t1_0.type,
        t1_0.updated_at 
    from
        transactions t1_0 
    order by
        t1_0.transaction_date desc 
    offset
        ? rows 
    fetch
        first ? rows only
2025-12-24T09:52:23.919+05:30  WARN 24480 --- [transaction-service] [http-nio-8083-exec-3] ration$PageModule$WarningLoggingModifier : Serializing PageImpl instances as-is is not supported, meaning that there is no guarantee about the stability of the resulting JSON structure!
	For a stable JSON structure, please use Spring Data's PagedModel (globally via @EnableSpringDataWebSupport(pageSerializationMode = VIA_DTO))
	or Spring HATEOAS and Spring Data's PagedResourcesAssembler as documented in https://docs.spring.io/spring-data/commons/reference/repositories/core-extensions.html#core.web.pageables.

2025-12-24T09:52:24.086+05:30  INFO 24480 --- [transaction-service] [http-nio-8083-exec-4] c.c.t.controller.TransactionController   : REST request to get all transactions - page: 0, size: 10
2025-12-24T09:52:24.088+05:30  INFO 24480 --- [transaction-service] [http-nio-8083-exec-4] c.c.t.s.impl.TransactionServiceImpl      : Fetching all transactions with pagination
2025-12-24T09:52:24.104+05:30 DEBUG 24480 --- [transaction-service] [http-nio-8083-exec-4] org.hibernate.SQL                        : 
    /* <criteria> */ select
        t1_0.id,
        t1_0.amount,
        t1_0.authorization_code,
        t1_0.card_id,
        t1_0.created_at,
        t1_0.currency,
        t1_0.customer_id,
        t1_0.description,
        t1_0.failure_reason,
        t1_0.ip_address,
        t1_0.is_reversed,
        t1_0.merchant_category,
        t1_0.merchant_name,
        t1_0.new_balance,
        t1_0.notes,
        t1_0.previous_balance,
        t1_0.reversal_reference,
        t1_0.status,
        t1_0.transaction_date,
        t1_0.transaction_reference,
        t1_0.type,
        t1_0.updated_at 
    from
        transactions t1_0 
    order by
        t1_0.transaction_date desc 
    offset
        ? rows 
    fetch
        first ? rows only
2025-12-24T09:52:31.273+05:30  INFO 24480 --- [transaction-service] [http-nio-8083-exec-5] c.c.t.controller.TransactionController   : REST request to get all transactions - page: 0, size: 10
2025-12-24T09:52:31.276+05:30  INFO 24480 --- [transaction-service] [http-nio-8083-exec-5] c.c.t.s.impl.TransactionServiceImpl      : Fetching all transactions with pagination
2025-12-24T09:52:31.287+05:30 DEBUG 24480 --- [transaction-service] [http-nio-8083-exec-5] org.hibernate.SQL                        : 
    /* <criteria> */ select
        t1_0.id,
        t1_0.amount,
        t1_0.authorization_code,
        t1_0.card_id,
        t1_0.created_at,
        t1_0.currency,
        t1_0.customer_id,
        t1_0.description,
        t1_0.failure_reason,
        t1_0.ip_address,
        t1_0.is_reversed,
        t1_0.merchant_category,
        t1_0.merchant_name,
        t1_0.new_balance,
        t1_0.notes,
        t1_0.previous_balance,
        t1_0.reversal_reference,
        t1_0.status,
        t1_0.transaction_date,
        t1_0.transaction_reference,
        t1_0.type,
        t1_0.updated_at 
    from
        transactions t1_0 
    order by
        t1_0.transaction_date desc 
    offset
        ? rows 
    fetch
        first ? rows only
2025-12-24T09:52:31.432+05:30  INFO 24480 --- [transaction-service] [http-nio-8083-exec-6] c.c.t.controller.TransactionController   : REST request to get all transactions - page: 0, size: 10
2025-12-24T09:52:31.438+05:30  INFO 24480 --- [transaction-service] [http-nio-8083-exec-6] c.c.t.s.impl.TransactionServiceImpl      : Fetching all transactions with pagination
2025-12-24T09:52:31.475+05:30 DEBUG 24480 --- [transaction-service] [http-nio-8083-exec-6] org.hibernate.SQL                        : 
    /* <criteria> */ select
        t1_0.id,
        t1_0.amount,
        t1_0.authorization_code,
        t1_0.card_id,
        t1_0.created_at,
        t1_0.currency,
        t1_0.customer_id,
        t1_0.description,
        t1_0.failure_reason,
        t1_0.ip_address,
        t1_0.is_reversed,
        t1_0.merchant_category,
        t1_0.merchant_name,
        t1_0.new_balance,
        t1_0.notes,
        t1_0.previous_balance,
        t1_0.reversal_reference,
        t1_0.status,
        t1_0.transaction_date,
        t1_0.transaction_reference,
        t1_0.type,
        t1_0.updated_at 
    from
        transactions t1_0 
    order by
        t1_0.transaction_date desc 
    offset
        ? rows 
    fetch
        first ? rows only
2025-12-24T09:52:39.901+05:30  INFO 24480 --- [transaction-service] [http-nio-8083-exec-7] c.c.t.controller.TransactionController   : REST request to get transactions for customer: 3
2025-12-24T09:52:39.904+05:30  INFO 24480 --- [transaction-service] [http-nio-8083-exec-7] c.c.t.s.impl.TransactionServiceImpl      : Fetching all transactions for customer ID: 3
2025-12-24T09:52:39.917+05:30 DEBUG 24480 --- [transaction-service] [http-nio-8083-exec-7] org.hibernate.SQL                        : 
    /* <criteria> */ select
        t1_0.id,
        t1_0.amount,
        t1_0.authorization_code,
        t1_0.card_id,
        t1_0.created_at,
        t1_0.currency,
        t1_0.customer_id,
        t1_0.description,
        t1_0.failure_reason,
        t1_0.ip_address,
        t1_0.is_reversed,
        t1_0.merchant_category,
        t1_0.merchant_name,
        t1_0.new_balance,
        t1_0.notes,
        t1_0.previous_balance,
        t1_0.reversal_reference,
        t1_0.status,
        t1_0.transaction_date,
        t1_0.transaction_reference,
        t1_0.type,
        t1_0.updated_at 
    from
        transactions t1_0 
    where
        t1_0.customer_id=?
2025-12-24T09:52:40.028+05:30  INFO 24480 --- [transaction-service] [http-nio-8083-exec-8] c.c.t.controller.TransactionController   : REST request to get transactions for customer: 3
2025-12-24T09:52:40.037+05:30  INFO 24480 --- [transaction-service] [http-nio-8083-exec-8] c.c.t.s.impl.TransactionServiceImpl      : Fetching all transactions for customer ID: 3
2025-12-24T09:52:40.113+05:30 DEBUG 24480 --- [transaction-service] [http-nio-8083-exec-8] org.hibernate.SQL                        : 
    /* <criteria> */ select
        t1_0.id,
        t1_0.amount,
        t1_0.authorization_code,
        t1_0.card_id,
        t1_0.created_at,
        t1_0.currency,
        t1_0.customer_id,
        t1_0.description,
        t1_0.failure_reason,
        t1_0.ip_address,
        t1_0.is_reversed,
        t1_0.merchant_category,
        t1_0.merchant_name,
        t1_0.new_balance,
        t1_0.notes,
        t1_0.previous_balance,
        t1_0.reversal_reference,
        t1_0.status,
        t1_0.transaction_date,
        t1_0.transaction_reference,
        t1_0.type,
        t1_0.updated_at 
    from
        transactions t1_0 
    where
        t1_0.customer_id=?
2025-12-24T09:53:21.805+05:30  INFO 24480 --- [transaction-service] [http-nio-8083-exec-9] c.c.t.controller.TransactionController   : REST request to get transactions for customer: 3
2025-12-24T09:53:21.815+05:30  INFO 24480 --- [transaction-service] [http-nio-8083-exec-9] c.c.t.s.impl.TransactionServiceImpl      : Fetching all transactions for customer ID: 3
2025-12-24T09:53:21.844+05:30 DEBUG 24480 --- [transaction-service] [http-nio-8083-exec-9] org.hibernate.SQL                        : 
    /* <criteria> */ select
        t1_0.id,
        t1_0.amount,
        t1_0.authorization_code,
        t1_0.card_id,
        t1_0.created_at,
        t1_0.currency,
        t1_0.customer_id,
        t1_0.description,
        t1_0.failure_reason,
        t1_0.ip_address,
        t1_0.is_reversed,
        t1_0.merchant_category,
        t1_0.merchant_name,
        t1_0.new_balance,
        t1_0.notes,
        t1_0.previous_balance,
        t1_0.reversal_reference,
        t1_0.status,
        t1_0.transaction_date,
        t1_0.transaction_reference,
        t1_0.type,
        t1_0.updated_at 
    from
        transactions t1_0 
    where
        t1_0.customer_id=?
2025-12-24T09:53:22.106+05:30  INFO 24480 --- [transaction-service] [http-nio-8083-exec-10] c.c.t.controller.TransactionController   : REST request to get transactions for customer: 3
2025-12-24T09:53:22.111+05:30  INFO 24480 --- [transaction-service] [http-nio-8083-exec-10] c.c.t.s.impl.TransactionServiceImpl      : Fetching all transactions for customer ID: 3
2025-12-24T09:53:22.223+05:30 DEBUG 24480 --- [transaction-service] [http-nio-8083-exec-10] org.hibernate.SQL                        : 
    /* <criteria> */ select
        t1_0.id,
        t1_0.amount,
        t1_0.authorization_code,
        t1_0.card_id,
        t1_0.created_at,
        t1_0.currency,
        t1_0.customer_id,
        t1_0.description,
        t1_0.failure_reason,
        t1_0.ip_address,
        t1_0.is_reversed,
        t1_0.merchant_category,
        t1_0.merchant_name,
        t1_0.new_balance,
        t1_0.notes,
        t1_0.previous_balance,
        t1_0.reversal_reference,
        t1_0.status,
        t1_0.transaction_date,
        t1_0.transaction_reference,
        t1_0.type,
        t1_0.updated_at 
    from
        transactions t1_0 
    where
        t1_0.customer_id=?
2025-12-24T09:53:33.355+05:30  INFO 24480 --- [transaction-service] [http-nio-8083-exec-1] c.c.t.controller.TransactionController   : REST request to get transactions for customer: 3
2025-12-24T09:53:33.361+05:30  INFO 24480 --- [transaction-service] [http-nio-8083-exec-1] c.c.t.s.impl.TransactionServiceImpl      : Fetching all transactions for customer ID: 3
2025-12-24T09:53:33.366+05:30 DEBUG 24480 --- [transaction-service] [http-nio-8083-exec-1] org.hibernate.SQL                        : 
    /* <criteria> */ select
        t1_0.id,
        t1_0.amount,
        t1_0.authorization_code,
        t1_0.card_id,
        t1_0.created_at,
        t1_0.currency,
        t1_0.customer_id,
        t1_0.description,
        t1_0.failure_reason,
        t1_0.ip_address,
        t1_0.is_reversed,
        t1_0.merchant_category,
        t1_0.merchant_name,
        t1_0.new_balance,
        t1_0.notes,
        t1_0.previous_balance,
        t1_0.reversal_reference,
        t1_0.status,
        t1_0.transaction_date,
        t1_0.transaction_reference,
        t1_0.type,
        t1_0.updated_at 
    from
        transactions t1_0 
    where
        t1_0.customer_id=?
2025-12-24T09:53:33.700+05:30  INFO 24480 --- [transaction-service] [http-nio-8083-exec-2] c.c.t.controller.TransactionController   : REST request to get transactions for customer: 3
2025-12-24T09:53:33.701+05:30  INFO 24480 --- [transaction-service] [http-nio-8083-exec-2] c.c.t.s.impl.TransactionServiceImpl      : Fetching all transactions for customer ID: 3
2025-12-24T09:53:33.709+05:30 DEBUG 24480 --- [transaction-service] [http-nio-8083-exec-2] org.hibernate.SQL                        : 
    /* <criteria> */ select
        t1_0.id,
        t1_0.amount,
        t1_0.authorization_code,
        t1_0.card_id,
        t1_0.created_at,
        t1_0.currency,
        t1_0.customer_id,
        t1_0.description,
        t1_0.failure_reason,
        t1_0.ip_address,
        t1_0.is_reversed,
        t1_0.merchant_category,
        t1_0.merchant_name,
        t1_0.new_balance,
        t1_0.notes,
        t1_0.previous_balance,
        t1_0.reversal_reference,
        t1_0.status,
        t1_0.transaction_date,
        t1_0.transaction_reference,
        t1_0.type,
        t1_0.updated_at 
    from
        transactions t1_0 
    where
        t1_0.customer_id=?
2025-12-24T09:53:53.856+05:30  INFO 24480 --- [transaction-service] [http-nio-8083-exec-3] c.c.t.controller.TransactionController   : REST request to get transactions for customer: 1
2025-12-24T09:53:53.864+05:30  INFO 24480 --- [transaction-service] [http-nio-8083-exec-3] c.c.t.s.impl.TransactionServiceImpl      : Fetching all transactions for customer ID: 1
2025-12-24T09:53:53.873+05:30 DEBUG 24480 --- [transaction-service] [http-nio-8083-exec-3] org.hibernate.SQL                        : 
    /* <criteria> */ select
        t1_0.id,
        t1_0.amount,
        t1_0.authorization_code,
        t1_0.card_id,
        t1_0.created_at,
        t1_0.currency,
        t1_0.customer_id,
        t1_0.description,
        t1_0.failure_reason,
        t1_0.ip_address,
        t1_0.is_reversed,
        t1_0.merchant_category,
        t1_0.merchant_name,
        t1_0.new_balance,
        t1_0.notes,
        t1_0.previous_balance,
        t1_0.reversal_reference,
        t1_0.status,
        t1_0.transaction_date,
        t1_0.transaction_reference,
        t1_0.type,
        t1_0.updated_at 
    from
        transactions t1_0 
    where
        t1_0.customer_id=?
2025-12-24T09:53:54.411+05:30  INFO 24480 --- [transaction-service] [http-nio-8083-exec-4] c.c.t.controller.TransactionController   : REST request to get transactions for customer: 1
2025-12-24T09:53:54.419+05:30  INFO 24480 --- [transaction-service] [http-nio-8083-exec-4] c.c.t.s.impl.TransactionServiceImpl      : Fetching all transactions for customer ID: 1
2025-12-24T09:53:54.433+05:30 DEBUG 24480 --- [transaction-service] [http-nio-8083-exec-4] org.hibernate.SQL                        : 
    /* <criteria> */ select
        t1_0.id,
        t1_0.amount,
        t1_0.authorization_code,
        t1_0.card_id,
        t1_0.created_at,
        t1_0.currency,
        t1_0.customer_id,
        t1_0.description,
        t1_0.failure_reason,
        t1_0.ip_address,
        t1_0.is_reversed,
        t1_0.merchant_category,
        t1_0.merchant_name,
        t1_0.new_balance,
        t1_0.notes,
        t1_0.previous_balance,
        t1_0.reversal_reference,
        t1_0.status,
        t1_0.transaction_date,
        t1_0.transaction_reference,
        t1_0.type,
        t1_0.updated_at 
    from
        transactions t1_0 
    where
        t1_0.customer_id=?
2025-12-24T10:01:11.894+05:30  INFO 24480 --- [transaction-service] [http-nio-8083-exec-6] c.c.t.controller.TransactionController   : REST request to get transactions for customer: 3
2025-12-24T10:01:11.901+05:30  INFO 24480 --- [transaction-service] [http-nio-8083-exec-6] c.c.t.s.impl.TransactionServiceImpl      : Fetching all transactions for customer ID: 3
2025-12-24T10:01:12.149+05:30 DEBUG 24480 --- [transaction-service] [http-nio-8083-exec-6] org.hibernate.SQL                        : 
    /* <criteria> */ select
        t1_0.id,
        t1_0.amount,
        t1_0.authorization_code,
        t1_0.card_id,
        t1_0.created_at,
        t1_0.currency,
        t1_0.customer_id,
        t1_0.description,
        t1_0.failure_reason,
        t1_0.ip_address,
        t1_0.is_reversed,
        t1_0.merchant_category,
        t1_0.merchant_name,
        t1_0.new_balance,
        t1_0.notes,
        t1_0.previous_balance,
        t1_0.reversal_reference,
        t1_0.status,
        t1_0.transaction_date,
        t1_0.transaction_reference,
        t1_0.type,
        t1_0.updated_at 
    from
        transactions t1_0 
    where
        t1_0.customer_id=?
2025-12-24T10:01:12.367+05:30  INFO 24480 --- [transaction-service] [http-nio-8083-exec-7] c.c.t.controller.TransactionController   : REST request to get transactions for customer: 3
2025-12-24T10:01:12.388+05:30  INFO 24480 --- [transaction-service] [http-nio-8083-exec-7] c.c.t.s.impl.TransactionServiceImpl      : Fetching all transactions for customer ID: 3
2025-12-24T10:01:12.399+05:30 DEBUG 24480 --- [transaction-service] [http-nio-8083-exec-7] org.hibernate.SQL                        : 
    /* <criteria> */ select
        t1_0.id,
        t1_0.amount,
        t1_0.authorization_code,
        t1_0.card_id,
        t1_0.created_at,
        t1_0.currency,
        t1_0.customer_id,
        t1_0.description,
        t1_0.failure_reason,
        t1_0.ip_address,
        t1_0.is_reversed,
        t1_0.merchant_category,
        t1_0.merchant_name,
        t1_0.new_balance,
        t1_0.notes,
        t1_0.previous_balance,
        t1_0.reversal_reference,
        t1_0.status,
        t1_0.transaction_date,
        t1_0.transaction_reference,
        t1_0.type,
        t1_0.updated_at 
    from
        transactions t1_0 
    where
        t1_0.customer_id=?
2025-12-24T10:01:43.382+05:30  INFO 24480 --- [transaction-service] [http-nio-8083-exec-8] c.c.t.controller.TransactionController   : REST request to get transactions for customer: 1
2025-12-24T10:01:43.460+05:30  INFO 24480 --- [transaction-service] [http-nio-8083-exec-8] c.c.t.s.impl.TransactionServiceImpl      : Fetching all transactions for customer ID: 1
2025-12-24T10:01:43.557+05:30 DEBUG 24480 --- [transaction-service] [http-nio-8083-exec-8] org.hibernate.SQL                        : 
    /* <criteria> */ select
        t1_0.id,
        t1_0.amount,
        t1_0.authorization_code,
        t1_0.card_id,
        t1_0.created_at,
        t1_0.currency,
        t1_0.customer_id,
        t1_0.description,
        t1_0.failure_reason,
        t1_0.ip_address,
        t1_0.is_reversed,
        t1_0.merchant_category,
        t1_0.merchant_name,
        t1_0.new_balance,
        t1_0.notes,
        t1_0.previous_balance,
        t1_0.reversal_reference,
        t1_0.status,
        t1_0.transaction_date,
        t1_0.transaction_reference,
        t1_0.type,
        t1_0.updated_at 
    from
        transactions t1_0 
    where
        t1_0.customer_id=?
2025-12-24T10:01:44.353+05:30  INFO 24480 --- [transaction-service] [http-nio-8083-exec-9] c.c.t.controller.TransactionController   : REST request to get transactions for customer: 1
2025-12-24T10:01:44.473+05:30  INFO 24480 --- [transaction-service] [http-nio-8083-exec-9] c.c.t.s.impl.TransactionServiceImpl      : Fetching all transactions for customer ID: 1
2025-12-24T10:01:44.647+05:30 DEBUG 24480 --- [transaction-service] [http-nio-8083-exec-9] org.hibernate.SQL                        : 
    /* <criteria> */ select
        t1_0.id,
        t1_0.amount,
        t1_0.authorization_code,
        t1_0.card_id,
        t1_0.created_at,
        t1_0.currency,
        t1_0.customer_id,
        t1_0.description,
        t1_0.failure_reason,
        t1_0.ip_address,
        t1_0.is_reversed,
        t1_0.merchant_category,
        t1_0.merchant_name,
        t1_0.new_balance,
        t1_0.notes,
        t1_0.previous_balance,
        t1_0.reversal_reference,
        t1_0.status,
        t1_0.transaction_date,
        t1_0.transaction_reference,
        t1_0.type,
        t1_0.updated_at 
    from
        transactions t1_0 
    where
        t1_0.customer_id=?
2025-12-24T10:02:10.705+05:30  INFO 24480 --- [transaction-service] [http-nio-8083-exec-10] c.c.t.controller.TransactionController   : REST request to get transactions for customer: 1
2025-12-24T10:02:10.955+05:30  INFO 24480 --- [transaction-service] [http-nio-8083-exec-10] c.c.t.s.impl.TransactionServiceImpl      : Fetching all transactions for customer ID: 1
2025-12-24T10:02:11.330+05:30 DEBUG 24480 --- [transaction-service] [http-nio-8083-exec-10] org.hibernate.SQL                        : 
    /* <criteria> */ select
        t1_0.id,
        t1_0.amount,
        t1_0.authorization_code,
        t1_0.card_id,
        t1_0.created_at,
        t1_0.currency,
        t1_0.customer_id,
        t1_0.description,
        t1_0.failure_reason,
        t1_0.ip_address,
        t1_0.is_reversed,
        t1_0.merchant_category,
        t1_0.merchant_name,
        t1_0.new_balance,
        t1_0.notes,
        t1_0.previous_balance,
        t1_0.reversal_reference,
        t1_0.status,
        t1_0.transaction_date,
        t1_0.transaction_reference,
        t1_0.type,
        t1_0.updated_at 
    from
        transactions t1_0 
    where
        t1_0.customer_id=?
2025-12-24T10:02:11.752+05:30  INFO 24480 --- [transaction-service] [http-nio-8083-exec-1] c.c.t.controller.TransactionController   : REST request to get transactions for customer: 1
2025-12-24T10:02:11.754+05:30  INFO 24480 --- [transaction-service] [http-nio-8083-exec-1] c.c.t.s.impl.TransactionServiceImpl      : Fetching all transactions for customer ID: 1
2025-12-24T10:02:11.758+05:30 DEBUG 24480 --- [transaction-service] [http-nio-8083-exec-1] org.hibernate.SQL                        : 
    /* <criteria> */ select
        t1_0.id,
        t1_0.amount,
        t1_0.authorization_code,
        t1_0.card_id,
        t1_0.created_at,
        t1_0.currency,
        t1_0.customer_id,
        t1_0.description,
        t1_0.failure_reason,
        t1_0.ip_address,
        t1_0.is_reversed,
        t1_0.merchant_category,
        t1_0.merchant_name,
        t1_0.new_balance,
        t1_0.notes,
        t1_0.previous_balance,
        t1_0.reversal_reference,
        t1_0.status,
        t1_0.transaction_date,
        t1_0.transaction_reference,
        t1_0.type,
        t1_0.updated_at 
    from
        transactions t1_0 
    where
        t1_0.customer_id=?
2025-12-24T10:02:49.627+05:30  INFO 24480 --- [transaction-service] [http-nio-8083-exec-2] c.c.t.controller.TransactionController   : REST request to get transactions for customer: 1
2025-12-24T10:02:49.635+05:30  INFO 24480 --- [transaction-service] [http-nio-8083-exec-2] c.c.t.s.impl.TransactionServiceImpl      : Fetching all transactions for customer ID: 1
2025-12-24T10:02:49.645+05:30 DEBUG 24480 --- [transaction-service] [http-nio-8083-exec-2] org.hibernate.SQL                        : 
    /* <criteria> */ select
        t1_0.id,
        t1_0.amount,
        t1_0.authorization_code,
        t1_0.card_id,
        t1_0.created_at,
        t1_0.currency,
        t1_0.customer_id,
        t1_0.description,
        t1_0.failure_reason,
        t1_0.ip_address,
        t1_0.is_reversed,
        t1_0.merchant_category,
        t1_0.merchant_name,
        t1_0.new_balance,
        t1_0.notes,
        t1_0.previous_balance,
        t1_0.reversal_reference,
        t1_0.status,
        t1_0.transaction_date,
        t1_0.transaction_reference,
        t1_0.type,
        t1_0.updated_at 
    from
        transactions t1_0 
    where
        t1_0.customer_id=?
2025-12-24T10:02:49.990+05:30  INFO 24480 --- [transaction-service] [http-nio-8083-exec-3] c.c.t.controller.TransactionController   : REST request to get transactions for customer: 1
2025-12-24T10:02:50.000+05:30  INFO 24480 --- [transaction-service] [http-nio-8083-exec-3] c.c.t.s.impl.TransactionServiceImpl      : Fetching all transactions for customer ID: 1
2025-12-24T10:02:50.030+05:30 DEBUG 24480 --- [transaction-service] [http-nio-8083-exec-3] org.hibernate.SQL                        : 
    /* <criteria> */ select
        t1_0.id,
        t1_0.amount,
        t1_0.authorization_code,
        t1_0.card_id,
        t1_0.created_at,
        t1_0.currency,
        t1_0.customer_id,
        t1_0.description,
        t1_0.failure_reason,
        t1_0.ip_address,
        t1_0.is_reversed,
        t1_0.merchant_category,
        t1_0.merchant_name,
        t1_0.new_balance,
        t1_0.notes,
        t1_0.previous_balance,
        t1_0.reversal_reference,
        t1_0.status,
        t1_0.transaction_date,
        t1_0.transaction_reference,
        t1_0.type,
        t1_0.updated_at 
    from
        transactions t1_0 
    where
        t1_0.customer_id=?
2025-12-24T10:17:47.535+05:30  INFO 24480 --- [transaction-service] [RMI TCP Connection(41)-127.0.0.1] inMXBeanRegistrar$SpringApplicationAdmin : Application shutdown requested.
2025-12-24T10:17:47.562+05:30  INFO 24480 --- [transaction-service] [RMI TCP Connection(41)-127.0.0.1] o.s.b.w.e.tomcat.GracefulShutdown        : Commencing graceful shutdown. Waiting for active requests to complete
2025-12-24T10:17:48.042+05:30  INFO 24480 --- [transaction-service] [tomcat-shutdown] o.s.b.w.e.tomcat.GracefulShutdown        : Graceful shutdown complete
2025-12-24T10:17:48.119+05:30  INFO 24480 --- [transaction-service] [RMI TCP Connection(41)-127.0.0.1] j.LocalContainerEntityManagerFactoryBean : Closing JPA EntityManagerFactory for persistence unit 'default'
2025-12-24T10:17:48.168+05:30  INFO 24480 --- [transaction-service] [RMI TCP Connection(41)-127.0.0.1] com.zaxxer.hikari.HikariDataSource       : TransactionServiceHikariCP - Shutdown initiated...
2025-12-24T10:17:48.196+05:30  INFO 24480 --- [transaction-service] [RMI TCP Connection(41)-127.0.0.1] com.zaxxer.hikari.HikariDataSource       : TransactionServiceHikariCP - Shutdown completed.
