2025-12-23 11:34:52.730 [background-preinit] INFO  o.h.validator.internal.util.Version - HV000001: Hibernate Validator 8.0.3.Final
2025-12-23 11:34:52.911 [restartedMain] INFO  c.c.c.CustomerServiceApplication - Starting CustomerServiceApplication using Java 17.0.17 with PID 28568 (C:\Users\abehera042\Project_Works\credit-card-portal\backend\customer-service\target\classes started by abehera042 in C:\Users\abehera042\Project_Works\credit-card-portal\backend\customer-service)
2025-12-23 11:34:52.913 [restartedMain] DEBUG c.c.c.CustomerServiceApplication - Running with Spring Boot v3.4.12, Spring v6.2.14
2025-12-23 11:34:52.944 [restartedMain] INFO  c.c.c.CustomerServiceApplication - No active profile set, falling back to 1 default profile: "default"
2025-12-23 11:34:53.036 [restartedMain] INFO  o.s.b.d.e.DevToolsPropertyDefaultsPostProcessor - Devtools property defaults active! Set 'spring.devtools.add-properties' to 'false' to disable
2025-12-23 11:34:53.037 [restartedMain] INFO  o.s.b.d.e.DevToolsPropertyDefaultsPostProcessor - For additional web related logging consider setting the 'logging.level.web' property to 'DEBUG'
2025-12-23 11:34:54.665 [restartedMain] INFO  o.s.c.i.s.PropertySourceProcessor - Properties location [classpath:application-${spring.profiles.active}.properties] not resolvable: Could not resolve placeholder 'spring.profiles.active' in value "classpath:application-${spring.profiles.active}.properties"
2025-12-23 11:34:55.901 [restartedMain] DEBUG o.s.c.o.FeignClientsRegistrar$1 - Identified candidate component class: file [C:\Users\abehera042\Project_Works\credit-card-portal\backend\customer-service\target\classes\com\creditcard\customer\feign\CardServiceClient.class]
2025-12-23 11:34:56.823 [restartedMain] INFO  o.s.d.r.c.RepositoryConfigurationDelegate - Bootstrapping Spring Data JPA repositories in DEFAULT mode.
2025-12-23 11:34:56.938 [restartedMain] INFO  o.s.d.r.c.RepositoryConfigurationDelegate - Finished Spring Data repository scanning in 96 ms. Found 1 JPA repository interface.
2025-12-23 11:34:57.466 [restartedMain] INFO  o.s.cloud.context.scope.GenericScope - BeanFactory id=5768698d-c3ad-35ce-a4f9-52671ec2d9bc
2025-12-23 11:34:58.958 [restartedMain] INFO  o.s.b.w.e.tomcat.TomcatWebServer - Tomcat initialized with port 8081 (http)
2025-12-23 11:34:58.978 [restartedMain] INFO  o.a.coyote.http11.Http11NioProtocol - Initializing ProtocolHandler ["http-nio-8081"]
2025-12-23 11:34:58.984 [restartedMain] INFO  o.a.catalina.core.StandardService - Starting service [Tomcat]
2025-12-23 11:34:58.985 [restartedMain] INFO  o.a.catalina.core.StandardEngine - Starting Servlet engine: [Apache Tomcat/10.1.49]
2025-12-23 11:34:59.109 [restartedMain] INFO  o.a.c.c.C.[Tomcat].[localhost].[/] - Initializing Spring embedded WebApplicationContext
2025-12-23 11:34:59.110 [restartedMain] INFO  o.s.b.w.s.c.ServletWebServerApplicationContext - Root WebApplicationContext: initialization completed in 6071 ms
2025-12-23 11:34:59.669 [restartedMain] INFO  com.zaxxer.hikari.HikariDataSource - CustomerServiceHikariCP - Starting...
2025-12-23 11:35:00.618 [restartedMain] INFO  com.zaxxer.hikari.pool.HikariPool - CustomerServiceHikariCP - Added connection org.postgresql.jdbc.PgConnection@6005362
2025-12-23 11:35:00.620 [restartedMain] INFO  com.zaxxer.hikari.HikariDataSource - CustomerServiceHikariCP - Start completed.
2025-12-23 11:35:00.822 [restartedMain] INFO  o.h.jpa.internal.util.LogHelper - HHH000204: Processing PersistenceUnitInfo [name: default]
2025-12-23 11:35:00.912 [restartedMain] INFO  org.hibernate.Version - HHH000412: Hibernate ORM core version 6.6.36.Final
2025-12-23 11:35:00.985 [restartedMain] INFO  o.h.c.i.RegionFactoryInitiator - HHH000026: Second-level cache disabled
2025-12-23 11:35:01.584 [restartedMain] INFO  o.s.o.j.p.SpringPersistenceUnitInfo - No LoadTimeWeaver setup: ignoring JPA class transformer
2025-12-23 11:35:01.698 [restartedMain] WARN  org.hibernate.orm.deprecation - HHH90000025: PostgreSQLDialect does not need to be specified explicitly using 'hibernate.dialect' (remove the property setting and it will be selected by default)
2025-12-23 11:35:01.738 [restartedMain] INFO  o.hibernate.orm.connections.pooling - HHH10001005: Database info:
	Database JDBC URL [Connecting through datasource 'HikariDataSource (CustomerServiceHikariCP)']
	Database driver: undefined/unknown
	Database version: 17.7
	Autocommit mode: undefined/unknown
	Isolation level: undefined/unknown
	Minimum pool size: undefined/unknown
	Maximum pool size: undefined/unknown
2025-12-23 11:35:03.403 [restartedMain] INFO  o.h.e.t.j.p.i.JtaPlatformInitiator - HHH000489: No JTA platform available (set 'hibernate.transaction.jta.platform' to enable JTA platform integration)
2025-12-23 11:35:03.581 [restartedMain] DEBUG org.hibernate.SQL - 
    create table customers (
        id bigint generated by default as identity,
        address varchar(500),
        city varchar(100),
        created_at timestamp(6) not null,
        date_of_birth timestamp(6),
        email varchar(255) not null,
        first_name varchar(100) not null,
        last_name varchar(100) not null,
        phone varchar(10) not null,
        state varchar(50),
        status varchar(20) not null check (status in ('ACTIVE','INACTIVE','SUSPENDED','BLOCKED')),
        updated_at timestamp(6),
        zip_code varchar(10),
        primary key (id)
    )
2025-12-23 11:35:03.612 [restartedMain] DEBUG org.hibernate.SQL - 
    create index idx_email 
       on customers (email)
2025-12-23 11:35:03.619 [restartedMain] DEBUG org.hibernate.SQL - 
    create index idx_phone 
       on customers (phone)
2025-12-23 11:35:03.624 [restartedMain] DEBUG org.hibernate.SQL - 
    create index idx_status 
       on customers (status)
2025-12-23 11:35:03.632 [restartedMain] DEBUG org.hibernate.SQL - 
    alter table if exists customers 
       drop constraint if exists UKrfbvkrffamfql7cjmen8v976v
2025-12-23 11:35:03.636 [restartedMain] WARN  o.h.e.jdbc.spi.SqlExceptionHelper - SQL Warning Code: 0, SQLState: 00000
2025-12-23 11:35:03.636 [restartedMain] WARN  o.h.e.jdbc.spi.SqlExceptionHelper - constraint "ukrfbvkrffamfql7cjmen8v976v" of relation "customers" does not exist, skipping
2025-12-23 11:35:03.637 [restartedMain] DEBUG org.hibernate.SQL - 
    alter table if exists customers 
       add constraint UKrfbvkrffamfql7cjmen8v976v unique (email)
2025-12-23 11:35:03.647 [restartedMain] INFO  o.s.o.j.LocalContainerEntityManagerFactoryBean - Initialized JPA EntityManagerFactory for persistence unit 'default'
2025-12-23 11:35:04.285 [restartedMain] INFO  o.s.d.j.r.query.QueryEnhancerFactory - Hibernate is in classpath; If applicable, HQL parser will be used.
2025-12-23 11:35:05.402 [restartedMain] DEBUG o.s.c.o.FeignClientFactoryBean - Creating a FeignClientFactoryBean.
2025-12-23 11:35:06.947 [restartedMain] INFO  o.s.b.a.e.web.EndpointLinksResolver - Exposing 3 endpoints beneath base path '/actuator'
2025-12-23 11:35:09.703 [restartedMain] INFO  o.s.b.d.a.OptionalLiveReloadServer - LiveReload server is running on port 35729
2025-12-23 11:35:11.123 [restartedMain] INFO  o.s.cloud.commons.util.InetUtils - Cannot determine local hostname
2025-12-23 11:35:11.394 [restartedMain] INFO  o.a.coyote.http11.Http11NioProtocol - Starting ProtocolHandler ["http-nio-8081"]
2025-12-23 11:35:11.463 [restartedMain] INFO  o.s.b.w.e.tomcat.TomcatWebServer - Tomcat started on port 8081 (http) with context path '/'
2025-12-23 11:35:12.800 [restartedMain] INFO  o.s.cloud.commons.util.InetUtils - Cannot determine local hostname
2025-12-23 11:35:12.852 [restartedMain] INFO  c.c.c.CustomerServiceApplication - Started CustomerServiceApplication in 22.402 seconds (process running for 24.698)
2025-12-23 11:35:14.102 [RMI TCP Connection(4)-127.0.0.1] INFO  o.a.c.c.C.[Tomcat].[localhost].[/] - Initializing Spring DispatcherServlet 'dispatcherServlet'
2025-12-23 11:35:14.102 [RMI TCP Connection(4)-127.0.0.1] INFO  o.s.web.servlet.DispatcherServlet - Initializing Servlet 'dispatcherServlet'
2025-12-23 11:35:14.105 [RMI TCP Connection(4)-127.0.0.1] INFO  o.s.web.servlet.DispatcherServlet - Completed initialization in 3 ms
2025-12-23 11:35:29.646 [background-preinit] INFO  o.h.validator.internal.util.Version - HV000001: Hibernate Validator 8.0.3.Final
2025-12-23 11:35:29.765 [restartedMain] INFO  c.c.c.CustomerServiceApplication - Starting CustomerServiceApplication using Java 17.0.17 with PID 27708 (C:\Users\abehera042\Project_Works\credit-card-portal\backend\customer-service\target\classes started by abehera042 in C:\Users\abehera042\Project_Works\credit-card-portal\backend\customer-service)
2025-12-23 11:35:29.766 [restartedMain] DEBUG c.c.c.CustomerServiceApplication - Running with Spring Boot v3.4.12, Spring v6.2.14
2025-12-23 11:35:29.769 [restartedMain] INFO  c.c.c.CustomerServiceApplication - No active profile set, falling back to 1 default profile: "default"
2025-12-23 11:35:29.880 [restartedMain] INFO  o.s.b.d.e.DevToolsPropertyDefaultsPostProcessor - Devtools property defaults active! Set 'spring.devtools.add-properties' to 'false' to disable
2025-12-23 11:35:29.880 [restartedMain] INFO  o.s.b.d.e.DevToolsPropertyDefaultsPostProcessor - For additional web related logging consider setting the 'logging.level.web' property to 'DEBUG'
2025-12-23 11:35:30.208 [restartedMain] INFO  o.s.c.i.s.PropertySourceProcessor - Properties location [classpath:application-${spring.profiles.active}.properties] not resolvable: Could not resolve placeholder 'spring.profiles.active' in value "classpath:application-${spring.profiles.active}.properties"
2025-12-23 11:35:31.365 [restartedMain] DEBUG o.s.c.o.FeignClientsRegistrar$1 - Identified candidate component class: file [C:\Users\abehera042\Project_Works\credit-card-portal\backend\customer-service\target\classes\com\creditcard\customer\feign\CardServiceClient.class]
2025-12-23 11:35:32.362 [restartedMain] INFO  o.s.d.r.c.RepositoryConfigurationDelegate - Bootstrapping Spring Data JPA repositories in DEFAULT mode.
2025-12-23 11:35:32.489 [restartedMain] INFO  o.s.d.r.c.RepositoryConfigurationDelegate - Finished Spring Data repository scanning in 108 ms. Found 1 JPA repository interface.
2025-12-23 11:35:33.105 [restartedMain] INFO  o.s.cloud.context.scope.GenericScope - BeanFactory id=5768698d-c3ad-35ce-a4f9-52671ec2d9bc
2025-12-23 11:35:34.658 [restartedMain] INFO  o.s.b.w.e.tomcat.TomcatWebServer - Tomcat initialized with port 8081 (http)
2025-12-23 11:35:34.678 [restartedMain] INFO  o.a.coyote.http11.Http11NioProtocol - Initializing ProtocolHandler ["http-nio-8081"]
2025-12-23 11:35:34.681 [restartedMain] INFO  o.a.catalina.core.StandardService - Starting service [Tomcat]
2025-12-23 11:35:34.682 [restartedMain] INFO  o.a.catalina.core.StandardEngine - Starting Servlet engine: [Apache Tomcat/10.1.49]
2025-12-23 11:35:34.810 [restartedMain] INFO  o.a.c.c.C.[Tomcat].[localhost].[/] - Initializing Spring embedded WebApplicationContext
2025-12-23 11:35:34.810 [restartedMain] INFO  o.s.b.w.s.c.ServletWebServerApplicationContext - Root WebApplicationContext: initialization completed in 4929 ms
2025-12-23 11:35:35.415 [restartedMain] INFO  com.zaxxer.hikari.HikariDataSource - CustomerServiceHikariCP - Starting...
2025-12-23 11:35:36.497 [restartedMain] INFO  com.zaxxer.hikari.pool.HikariPool - CustomerServiceHikariCP - Added connection org.postgresql.jdbc.PgConnection@25ca7096
2025-12-23 11:35:36.500 [restartedMain] INFO  com.zaxxer.hikari.HikariDataSource - CustomerServiceHikariCP - Start completed.
2025-12-23 11:35:36.707 [restartedMain] INFO  o.h.jpa.internal.util.LogHelper - HHH000204: Processing PersistenceUnitInfo [name: default]
2025-12-23 11:35:36.809 [restartedMain] INFO  org.hibernate.Version - HHH000412: Hibernate ORM core version 6.6.36.Final
2025-12-23 11:35:36.901 [restartedMain] INFO  o.h.c.i.RegionFactoryInitiator - HHH000026: Second-level cache disabled
2025-12-23 11:35:37.468 [restartedMain] INFO  o.s.o.j.p.SpringPersistenceUnitInfo - No LoadTimeWeaver setup: ignoring JPA class transformer
2025-12-23 11:35:37.579 [restartedMain] WARN  org.hibernate.orm.deprecation - HHH90000025: PostgreSQLDialect does not need to be specified explicitly using 'hibernate.dialect' (remove the property setting and it will be selected by default)
2025-12-23 11:35:37.614 [restartedMain] INFO  o.hibernate.orm.connections.pooling - HHH10001005: Database info:
	Database JDBC URL [Connecting through datasource 'HikariDataSource (CustomerServiceHikariCP)']
	Database driver: undefined/unknown
	Database version: 17.7
	Autocommit mode: undefined/unknown
	Isolation level: undefined/unknown
	Minimum pool size: undefined/unknown
	Maximum pool size: undefined/unknown
2025-12-23 11:35:39.516 [restartedMain] INFO  o.h.e.t.j.p.i.JtaPlatformInitiator - HHH000489: No JTA platform available (set 'hibernate.transaction.jta.platform' to enable JTA platform integration)
2025-12-23 11:35:39.682 [restartedMain] INFO  o.s.o.j.LocalContainerEntityManagerFactoryBean - Initialized JPA EntityManagerFactory for persistence unit 'default'
2025-12-23 11:35:40.470 [restartedMain] INFO  o.s.d.j.r.query.QueryEnhancerFactory - Hibernate is in classpath; If applicable, HQL parser will be used.
2025-12-23 11:35:41.565 [restartedMain] DEBUG o.s.c.o.FeignClientFactoryBean - Creating a FeignClientFactoryBean.
2025-12-23 11:35:43.231 [restartedMain] INFO  o.s.b.a.e.web.EndpointLinksResolver - Exposing 3 endpoints beneath base path '/actuator'
2025-12-23 11:35:45.685 [restartedMain] WARN  o.s.b.d.a.OptionalLiveReloadServer - Unable to start LiveReload server
2025-12-23 11:35:47.044 [restartedMain] INFO  o.s.cloud.commons.util.InetUtils - Cannot determine local hostname
2025-12-23 11:35:47.319 [restartedMain] INFO  o.a.coyote.http11.Http11NioProtocol - Starting ProtocolHandler ["http-nio-8081"]
2025-12-23 11:35:47.330 [restartedMain] WARN  o.s.b.w.s.c.AnnotationConfigServletWebServerApplicationContext - Exception encountered during context initialization - cancelling refresh attempt: org.springframework.context.ApplicationContextException: Failed to start bean 'webServerStartStop'
2025-12-23 11:35:47.371 [restartedMain] INFO  o.s.o.j.LocalContainerEntityManagerFactoryBean - Closing JPA EntityManagerFactory for persistence unit 'default'
2025-12-23 11:35:47.381 [restartedMain] INFO  com.zaxxer.hikari.HikariDataSource - CustomerServiceHikariCP - Shutdown initiated...
2025-12-23 11:35:47.388 [restartedMain] INFO  com.zaxxer.hikari.HikariDataSource - CustomerServiceHikariCP - Shutdown completed.
2025-12-23 11:35:47.447 [restartedMain] INFO  o.s.b.a.l.ConditionEvaluationReportLogger - 

Error starting ApplicationContext. To display the condition evaluation report re-run your application with 'debug' enabled.
2025-12-23 11:35:47.496 [restartedMain] ERROR o.s.b.d.LoggingFailureAnalysisReporter - 

***************************
APPLICATION FAILED TO START
***************************

Description:

Web server failed to start. Port 8081 was already in use.

Action:

Identify and stop the process that's listening on port 8081 or configure this application to listen on another port.

2025-12-23 11:38:40.809 [File Watcher] INFO  o.s.b.d.a.LocalDevToolsAutoConfiguration$RestartingClassPathChangeChangedEventListener - Restarting due to 1 class path change (0 additions, 0 deletions, 1 modification)
2025-12-23 11:38:40.820 [Thread-6] INFO  o.s.b.w.e.tomcat.GracefulShutdown - Commencing graceful shutdown. Waiting for active requests to complete
2025-12-23 11:38:40.823 [tomcat-shutdown] INFO  o.a.coyote.http11.Http11NioProtocol - Pausing ProtocolHandler ["http-nio-8081"]
2025-12-23 11:38:41.056 [tomcat-shutdown] INFO  o.s.b.w.e.tomcat.GracefulShutdown - Graceful shutdown complete
2025-12-23 11:38:41.057 [Thread-6] INFO  o.a.coyote.http11.Http11NioProtocol - Stopping ProtocolHandler ["http-nio-8081"]
2025-12-23 11:38:41.075 [Thread-6] INFO  o.s.o.j.LocalContainerEntityManagerFactoryBean - Closing JPA EntityManagerFactory for persistence unit 'default'
2025-12-23 11:38:41.088 [Thread-6] INFO  com.zaxxer.hikari.HikariDataSource - CustomerServiceHikariCP - Shutdown initiated...
2025-12-23 11:38:41.094 [Thread-6] INFO  com.zaxxer.hikari.HikariDataSource - CustomerServiceHikariCP - Shutdown completed.
2025-12-23 11:38:42.662 [restartedMain] INFO  c.c.c.CustomerServiceApplication - Starting CustomerServiceApplication using Java 17.0.17 with PID 28568 (C:\Users\abehera042\Project_Works\credit-card-portal\backend\customer-service\target\classes started by abehera042 in C:\Users\abehera042\Project_Works\credit-card-portal\backend\customer-service)
2025-12-23 11:38:42.662 [restartedMain] DEBUG c.c.c.CustomerServiceApplication - Running with Spring Boot v3.4.12, Spring v6.2.14
2025-12-23 11:38:42.662 [restartedMain] INFO  c.c.c.CustomerServiceApplication - No active profile set, falling back to 1 default profile: "default"
2025-12-23 11:38:42.720 [restartedMain] INFO  o.s.c.i.s.PropertySourceProcessor - Properties location [classpath:application-${spring.profiles.active}.properties] not resolvable: Could not resolve placeholder 'spring.profiles.active' in value "classpath:application-${spring.profiles.active}.properties"
2025-12-23 11:38:43.253 [restartedMain] DEBUG o.s.c.o.FeignClientsRegistrar$1 - Identified candidate component class: file [C:\Users\abehera042\Project_Works\credit-card-portal\backend\customer-service\target\classes\com\creditcard\customer\feign\CardServiceClient.class]
2025-12-23 11:38:43.619 [restartedMain] INFO  o.s.d.r.c.RepositoryConfigurationDelegate - Bootstrapping Spring Data JPA repositories in DEFAULT mode.
2025-12-23 11:38:43.659 [restartedMain] INFO  o.s.d.r.c.RepositoryConfigurationDelegate - Finished Spring Data repository scanning in 36 ms. Found 1 JPA repository interface.
2025-12-23 11:38:43.812 [restartedMain] INFO  o.s.cloud.context.scope.GenericScope - BeanFactory id=5768698d-c3ad-35ce-a4f9-52671ec2d9bc
2025-12-23 11:38:44.288 [restartedMain] INFO  o.s.b.w.e.tomcat.TomcatWebServer - Tomcat initialized with port 8081 (http)
2025-12-23 11:38:44.290 [restartedMain] INFO  o.a.coyote.http11.Http11NioProtocol - Initializing ProtocolHandler ["http-nio-8081"]
2025-12-23 11:38:44.290 [restartedMain] INFO  o.a.catalina.core.StandardService - Starting service [Tomcat]
2025-12-23 11:38:44.290 [restartedMain] INFO  o.a.catalina.core.StandardEngine - Starting Servlet engine: [Apache Tomcat/10.1.49]
2025-12-23 11:38:44.384 [restartedMain] INFO  o.a.c.c.C.[Tomcat].[localhost].[/] - Initializing Spring embedded WebApplicationContext
2025-12-23 11:38:44.384 [restartedMain] INFO  o.s.b.w.s.c.ServletWebServerApplicationContext - Root WebApplicationContext: initialization completed in 1714 ms
2025-12-23 11:38:44.796 [restartedMain] INFO  com.zaxxer.hikari.HikariDataSource - CustomerServiceHikariCP - Starting...
2025-12-23 11:38:45.873 [restartedMain] INFO  com.zaxxer.hikari.pool.HikariPool - CustomerServiceHikariCP - Added connection org.postgresql.jdbc.PgConnection@597fc048
2025-12-23 11:38:45.873 [restartedMain] INFO  com.zaxxer.hikari.HikariDataSource - CustomerServiceHikariCP - Start completed.
2025-12-23 11:38:45.984 [restartedMain] INFO  o.h.jpa.internal.util.LogHelper - HHH000204: Processing PersistenceUnitInfo [name: default]
2025-12-23 11:38:45.990 [restartedMain] INFO  o.h.c.i.RegionFactoryInitiator - HHH000026: Second-level cache disabled
2025-12-23 11:38:46.014 [restartedMain] INFO  o.s.o.j.p.SpringPersistenceUnitInfo - No LoadTimeWeaver setup: ignoring JPA class transformer
2025-12-23 11:38:46.036 [restartedMain] WARN  org.hibernate.orm.deprecation - HHH90000025: PostgreSQLDialect does not need to be specified explicitly using 'hibernate.dialect' (remove the property setting and it will be selected by default)
2025-12-23 11:38:46.040 [restartedMain] INFO  o.hibernate.orm.connections.pooling - HHH10001005: Database info:
	Database JDBC URL [Connecting through datasource 'HikariDataSource (CustomerServiceHikariCP)']
	Database driver: undefined/unknown
	Database version: 17.7
	Autocommit mode: undefined/unknown
	Isolation level: undefined/unknown
	Minimum pool size: undefined/unknown
	Maximum pool size: undefined/unknown
2025-12-23 11:38:46.169 [restartedMain] INFO  o.h.e.t.j.p.i.JtaPlatformInitiator - HHH000489: No JTA platform available (set 'hibernate.transaction.jta.platform' to enable JTA platform integration)
2025-12-23 11:38:46.269 [restartedMain] INFO  o.s.o.j.LocalContainerEntityManagerFactoryBean - Initialized JPA EntityManagerFactory for persistence unit 'default'
2025-12-23 11:38:46.810 [restartedMain] DEBUG o.s.c.o.FeignClientFactoryBean - Creating a FeignClientFactoryBean.
2025-12-23 11:38:48.244 [restartedMain] INFO  o.s.b.a.e.web.EndpointLinksResolver - Exposing 3 endpoints beneath base path '/actuator'
2025-12-23 11:38:50.149 [restartedMain] INFO  o.s.b.d.a.OptionalLiveReloadServer - LiveReload server is running on port 35729
2025-12-23 11:38:51.554 [restartedMain] INFO  o.s.cloud.commons.util.InetUtils - Cannot determine local hostname
2025-12-23 11:38:51.700 [restartedMain] INFO  o.a.coyote.http11.Http11NioProtocol - Starting ProtocolHandler ["http-nio-8081"]
2025-12-23 11:38:51.712 [restartedMain] INFO  o.s.b.w.e.tomcat.TomcatWebServer - Tomcat started on port 8081 (http) with context path '/'
2025-12-23 11:38:53.039 [restartedMain] INFO  o.s.cloud.commons.util.InetUtils - Cannot determine local hostname
2025-12-23 11:38:53.070 [restartedMain] INFO  c.c.c.CustomerServiceApplication - Started CustomerServiceApplication in 11.863 seconds (process running for 244.916)
2025-12-23 11:38:53.078 [restartedMain] INFO  o.s.b.d.a.ConditionEvaluationDeltaLoggingListener - Condition evaluation unchanged
2025-12-23 11:50:11.927 [http-nio-8081-exec-4] INFO  o.a.c.c.C.[Tomcat].[localhost].[/] - Initializing Spring DispatcherServlet 'dispatcherServlet'
2025-12-23 11:50:11.928 [http-nio-8081-exec-4] INFO  o.s.web.servlet.DispatcherServlet - Initializing Servlet 'dispatcherServlet'
2025-12-23 11:50:11.933 [http-nio-8081-exec-4] INFO  o.s.web.servlet.DispatcherServlet - Completed initialization in 4 ms
2025-12-23 11:50:12.083 [http-nio-8081-exec-4] INFO  c.c.c.controller.CustomerController - REST request to get customer: 1
2025-12-23 11:50:12.107 [http-nio-8081-exec-4] INFO  c.c.c.s.impl.CustomerServiceImpl - Fetching customer with ID: 1
2025-12-23 11:50:12.212 [http-nio-8081-exec-4] DEBUG org.hibernate.SQL - 
    select
        c1_0.id,
        c1_0.address,
        c1_0.city,
        c1_0.created_at,
        c1_0.date_of_birth,
        c1_0.email,
        c1_0.first_name,
        c1_0.last_name,
        c1_0.phone,
        c1_0.state,
        c1_0.status,
        c1_0.updated_at,
        c1_0.zip_code 
    from
        customers c1_0 
    where
        c1_0.id=?
2025-12-23 11:50:12.301 [http-nio-8081-exec-4] ERROR c.c.c.s.impl.CustomerServiceImpl - Customer not found with ID: 1
2025-12-23 11:50:12.316 [http-nio-8081-exec-4] ERROR c.c.c.e.GlobalExceptionHandler - Customer not found: Customer not found with ID: 1
2025-12-23 11:50:12.410 [http-nio-8081-exec-4] WARN  o.s.w.s.m.m.a.ExceptionHandlerExceptionResolver - Resolved [com.creditcard.customer.exception.CustomerNotFoundException: Customer not found with ID: 1]
2025-12-23 11:50:12.476 [http-nio-8081-exec-1] INFO  c.c.c.controller.CustomerController - REST request to get customer: 1
2025-12-23 11:50:12.478 [http-nio-8081-exec-1] INFO  c.c.c.s.impl.CustomerServiceImpl - Fetching customer with ID: 1
2025-12-23 11:50:12.478 [http-nio-8081-exec-1] DEBUG org.hibernate.SQL - 
    select
        c1_0.id,
        c1_0.address,
        c1_0.city,
        c1_0.created_at,
        c1_0.date_of_birth,
        c1_0.email,
        c1_0.first_name,
        c1_0.last_name,
        c1_0.phone,
        c1_0.state,
        c1_0.status,
        c1_0.updated_at,
        c1_0.zip_code 
    from
        customers c1_0 
    where
        c1_0.id=?
2025-12-23 11:50:12.482 [http-nio-8081-exec-1] ERROR c.c.c.s.impl.CustomerServiceImpl - Customer not found with ID: 1
2025-12-23 11:50:12.485 [http-nio-8081-exec-1] ERROR c.c.c.e.GlobalExceptionHandler - Customer not found: Customer not found with ID: 1
2025-12-23 11:50:12.486 [http-nio-8081-exec-1] WARN  o.s.w.s.m.m.a.ExceptionHandlerExceptionResolver - Resolved [com.creditcard.customer.exception.CustomerNotFoundException: Customer not found with ID: 1]
2025-12-23 11:50:45.250 [http-nio-8081-exec-3] INFO  c.c.c.controller.CustomerController - REST request to get customer: 1
2025-12-23 11:50:45.253 [http-nio-8081-exec-3] INFO  c.c.c.s.impl.CustomerServiceImpl - Fetching customer with ID: 1
2025-12-23 11:50:45.256 [http-nio-8081-exec-3] DEBUG org.hibernate.SQL - 
    select
        c1_0.id,
        c1_0.address,
        c1_0.city,
        c1_0.created_at,
        c1_0.date_of_birth,
        c1_0.email,
        c1_0.first_name,
        c1_0.last_name,
        c1_0.phone,
        c1_0.state,
        c1_0.status,
        c1_0.updated_at,
        c1_0.zip_code 
    from
        customers c1_0 
    where
        c1_0.id=?
2025-12-23 11:50:45.261 [http-nio-8081-exec-3] ERROR c.c.c.s.impl.CustomerServiceImpl - Customer not found with ID: 1
2025-12-23 11:50:45.264 [http-nio-8081-exec-3] ERROR c.c.c.e.GlobalExceptionHandler - Customer not found: Customer not found with ID: 1
2025-12-23 11:50:45.267 [http-nio-8081-exec-3] WARN  o.s.w.s.m.m.a.ExceptionHandlerExceptionResolver - Resolved [com.creditcard.customer.exception.CustomerNotFoundException: Customer not found with ID: 1]
2025-12-23 11:50:45.629 [http-nio-8081-exec-2] INFO  c.c.c.controller.CustomerController - REST request to create customer: vasanti@gmail.com
2025-12-23 11:50:45.635 [http-nio-8081-exec-2] INFO  c.c.c.s.impl.CustomerServiceImpl - Creating customer with email: vasanti@gmail.com
2025-12-23 11:50:45.792 [http-nio-8081-exec-2] DEBUG org.hibernate.SQL - 
    /* <criteria> */ select
        c1_0.id 
    from
        customers c1_0 
    where
        c1_0.email=? 
    fetch
        first ? rows only
2025-12-23 11:50:45.897 [http-nio-8081-exec-2] DEBUG org.hibernate.SQL - 
    /* insert for
        com.creditcard.customer.entity.Customer */insert 
    into
        customers (address, city, created_at, date_of_birth, email, first_name, last_name, phone, state, status, updated_at, zip_code) 
    values
        (?, ?, ?, ?, ?, ?, ?, ?, ?, ?, ?, ?)
2025-12-23 11:50:45.954 [http-nio-8081-exec-2] INFO  c.c.c.s.impl.CustomerServiceImpl - Customer created successfully with ID: 1
2025-12-23 11:50:46.058 [http-nio-8081-exec-6] INFO  c.c.c.controller.CustomerController - REST request to get customer: 1
2025-12-23 11:50:46.060 [http-nio-8081-exec-6] INFO  c.c.c.s.impl.CustomerServiceImpl - Fetching customer with ID: 1
2025-12-23 11:50:46.061 [http-nio-8081-exec-6] DEBUG org.hibernate.SQL - 
    select
        c1_0.id,
        c1_0.address,
        c1_0.city,
        c1_0.created_at,
        c1_0.date_of_birth,
        c1_0.email,
        c1_0.first_name,
        c1_0.last_name,
        c1_0.phone,
        c1_0.state,
        c1_0.status,
        c1_0.updated_at,
        c1_0.zip_code 
    from
        customers c1_0 
    where
        c1_0.id=?
2025-12-23 11:51:11.472 [http-nio-8081-exec-5] INFO  c.c.c.controller.CustomerController - REST request to check if customer exists with ID: 1
2025-12-23 11:51:11.475 [http-nio-8081-exec-5] DEBUG c.c.c.s.impl.CustomerServiceImpl - Checking if customer exists with ID: 1
2025-12-23 11:51:11.501 [http-nio-8081-exec-5] DEBUG org.hibernate.SQL - 
    /* select
        count(*) 
    from
        Customer x 
    WHERE
        x.id = :id */ select
            count(*) 
        from
            customers c1_0 
        where
            c1_0.id=?
2025-12-23 11:52:01.991 [http-nio-8081-exec-8] INFO  c.c.c.controller.CustomerController - REST request to check if customer exists with ID: 1
2025-12-23 11:52:01.993 [http-nio-8081-exec-8] DEBUG c.c.c.s.impl.CustomerServiceImpl - Checking if customer exists with ID: 1
2025-12-23 11:52:01.997 [http-nio-8081-exec-8] DEBUG org.hibernate.SQL - 
    /* select
        count(*) 
    from
        Customer x 
    WHERE
        x.id = :id */ select
            count(*) 
        from
            customers c1_0 
        where
            c1_0.id=?
2025-12-23 11:56:38.357 [http-nio-8081-exec-10] INFO  c.c.c.controller.CustomerController - REST request to get all customers - page: 0, size: 10
2025-12-23 11:56:38.361 [http-nio-8081-exec-10] INFO  c.c.c.s.impl.CustomerServiceImpl - Fetching all customers - Page: 0, Size: 10
2025-12-23 11:56:38.386 [http-nio-8081-exec-10] DEBUG org.hibernate.SQL - 
    /* <criteria> */ select
        c1_0.id,
        c1_0.address,
        c1_0.city,
        c1_0.created_at,
        c1_0.date_of_birth,
        c1_0.email,
        c1_0.first_name,
        c1_0.last_name,
        c1_0.phone,
        c1_0.state,
        c1_0.status,
        c1_0.updated_at,
        c1_0.zip_code 
    from
        customers c1_0 
    order by
        c1_0.id 
    offset
        ? rows 
    fetch
        first ? rows only
2025-12-23 11:56:38.419 [http-nio-8081-exec-10] WARN  o.s.d.w.c.SpringDataJacksonConfiguration$PageModule$WarningLoggingModifier - Serializing PageImpl instances as-is is not supported, meaning that there is no guarantee about the stability of the resulting JSON structure!
	For a stable JSON structure, please use Spring Data's PagedModel (globally via @EnableSpringDataWebSupport(pageSerializationMode = VIA_DTO))
	or Spring HATEOAS and Spring Data's PagedResourcesAssembler as documented in https://docs.spring.io/spring-data/commons/reference/repositories/core-extensions.html#core.web.pageables.

2025-12-23 11:56:38.462 [http-nio-8081-exec-4] INFO  c.c.c.controller.CustomerController - REST request to get all customers - page: 0, size: 10
2025-12-23 11:56:38.464 [http-nio-8081-exec-4] INFO  c.c.c.s.impl.CustomerServiceImpl - Fetching all customers - Page: 0, Size: 10
2025-12-23 11:56:38.470 [http-nio-8081-exec-4] DEBUG org.hibernate.SQL - 
    /* <criteria> */ select
        c1_0.id,
        c1_0.address,
        c1_0.city,
        c1_0.created_at,
        c1_0.date_of_birth,
        c1_0.email,
        c1_0.first_name,
        c1_0.last_name,
        c1_0.phone,
        c1_0.state,
        c1_0.status,
        c1_0.updated_at,
        c1_0.zip_code 
    from
        customers c1_0 
    order by
        c1_0.id 
    offset
        ? rows 
    fetch
        first ? rows only
2025-12-23 11:56:48.623 [http-nio-8081-exec-1] INFO  c.c.c.controller.CustomerController - REST request to get all customers - page: 0, size: 100
2025-12-23 11:56:48.625 [http-nio-8081-exec-1] INFO  c.c.c.s.impl.CustomerServiceImpl - Fetching all customers - Page: 0, Size: 100
2025-12-23 11:56:48.632 [http-nio-8081-exec-1] DEBUG org.hibernate.SQL - 
    /* <criteria> */ select
        c1_0.id,
        c1_0.address,
        c1_0.city,
        c1_0.created_at,
        c1_0.date_of_birth,
        c1_0.email,
        c1_0.first_name,
        c1_0.last_name,
        c1_0.phone,
        c1_0.state,
        c1_0.status,
        c1_0.updated_at,
        c1_0.zip_code 
    from
        customers c1_0 
    order by
        c1_0.id 
    offset
        ? rows 
    fetch
        first ? rows only
2025-12-23 11:56:48.671 [http-nio-8081-exec-3] INFO  c.c.c.controller.CustomerController - REST request to get all customers - page: 0, size: 100
2025-12-23 11:56:48.672 [http-nio-8081-exec-3] INFO  c.c.c.s.impl.CustomerServiceImpl - Fetching all customers - Page: 0, Size: 100
2025-12-23 11:56:48.677 [http-nio-8081-exec-3] DEBUG org.hibernate.SQL - 
    /* <criteria> */ select
        c1_0.id,
        c1_0.address,
        c1_0.city,
        c1_0.created_at,
        c1_0.date_of_birth,
        c1_0.email,
        c1_0.first_name,
        c1_0.last_name,
        c1_0.phone,
        c1_0.state,
        c1_0.status,
        c1_0.updated_at,
        c1_0.zip_code 
    from
        customers c1_0 
    order by
        c1_0.id 
    offset
        ? rows 
    fetch
        first ? rows only
2025-12-23 11:57:13.227 [http-nio-8081-exec-2] INFO  c.c.c.controller.CustomerController - REST request to get all customers - page: 0, size: 10
2025-12-23 11:57:13.229 [http-nio-8081-exec-2] INFO  c.c.c.s.impl.CustomerServiceImpl - Fetching all customers - Page: 0, Size: 10
2025-12-23 11:57:13.237 [http-nio-8081-exec-2] DEBUG org.hibernate.SQL - 
    /* <criteria> */ select
        c1_0.id,
        c1_0.address,
        c1_0.city,
        c1_0.created_at,
        c1_0.date_of_birth,
        c1_0.email,
        c1_0.first_name,
        c1_0.last_name,
        c1_0.phone,
        c1_0.state,
        c1_0.status,
        c1_0.updated_at,
        c1_0.zip_code 
    from
        customers c1_0 
    order by
        c1_0.id 
    offset
        ? rows 
    fetch
        first ? rows only
2025-12-23 11:57:13.287 [http-nio-8081-exec-6] INFO  c.c.c.controller.CustomerController - REST request to get all customers - page: 0, size: 10
2025-12-23 11:57:13.288 [http-nio-8081-exec-6] INFO  c.c.c.s.impl.CustomerServiceImpl - Fetching all customers - Page: 0, Size: 10
2025-12-23 11:57:13.293 [http-nio-8081-exec-6] DEBUG org.hibernate.SQL - 
    /* <criteria> */ select
        c1_0.id,
        c1_0.address,
        c1_0.city,
        c1_0.created_at,
        c1_0.date_of_birth,
        c1_0.email,
        c1_0.first_name,
        c1_0.last_name,
        c1_0.phone,
        c1_0.state,
        c1_0.status,
        c1_0.updated_at,
        c1_0.zip_code 
    from
        customers c1_0 
    order by
        c1_0.id 
    offset
        ? rows 
    fetch
        first ? rows only
2025-12-23 11:57:16.695 [http-nio-8081-exec-5] INFO  c.c.c.controller.CustomerController - REST request to get all customers - page: 0, size: 10000
2025-12-23 11:57:16.698 [http-nio-8081-exec-5] INFO  c.c.c.s.impl.CustomerServiceImpl - Fetching all customers - Page: 0, Size: 10000
2025-12-23 11:57:16.702 [http-nio-8081-exec-5] DEBUG org.hibernate.SQL - 
    /* <criteria> */ select
        c1_0.id,
        c1_0.address,
        c1_0.city,
        c1_0.created_at,
        c1_0.date_of_birth,
        c1_0.email,
        c1_0.first_name,
        c1_0.last_name,
        c1_0.phone,
        c1_0.state,
        c1_0.status,
        c1_0.updated_at,
        c1_0.zip_code 
    from
        customers c1_0 
    order by
        c1_0.id 
    offset
        ? rows 
    fetch
        first ? rows only
2025-12-23 11:57:16.741 [http-nio-8081-exec-7] INFO  c.c.c.controller.CustomerController - REST request to get all customers - page: 0, size: 10000
2025-12-23 11:57:16.743 [http-nio-8081-exec-7] INFO  c.c.c.s.impl.CustomerServiceImpl - Fetching all customers - Page: 0, Size: 10000
2025-12-23 11:57:16.748 [http-nio-8081-exec-7] DEBUG org.hibernate.SQL - 
    /* <criteria> */ select
        c1_0.id,
        c1_0.address,
        c1_0.city,
        c1_0.created_at,
        c1_0.date_of_birth,
        c1_0.email,
        c1_0.first_name,
        c1_0.last_name,
        c1_0.phone,
        c1_0.state,
        c1_0.status,
        c1_0.updated_at,
        c1_0.zip_code 
    from
        customers c1_0 
    order by
        c1_0.id 
    offset
        ? rows 
    fetch
        first ? rows only
2025-12-23 11:57:30.984 [http-nio-8081-exec-8] INFO  c.c.c.controller.CustomerController - REST request to get all customers - page: 0, size: 10
2025-12-23 11:57:30.989 [http-nio-8081-exec-8] INFO  c.c.c.s.impl.CustomerServiceImpl - Fetching all customers - Page: 0, Size: 10
2025-12-23 11:57:30.993 [http-nio-8081-exec-8] DEBUG org.hibernate.SQL - 
    /* <criteria> */ select
        c1_0.id,
        c1_0.address,
        c1_0.city,
        c1_0.created_at,
        c1_0.date_of_birth,
        c1_0.email,
        c1_0.first_name,
        c1_0.last_name,
        c1_0.phone,
        c1_0.state,
        c1_0.status,
        c1_0.updated_at,
        c1_0.zip_code 
    from
        customers c1_0 
    order by
        c1_0.id 
    offset
        ? rows 
    fetch
        first ? rows only
2025-12-23 11:57:31.024 [http-nio-8081-exec-9] INFO  c.c.c.controller.CustomerController - REST request to get all customers - page: 0, size: 10
2025-12-23 11:57:31.028 [http-nio-8081-exec-9] INFO  c.c.c.s.impl.CustomerServiceImpl - Fetching all customers - Page: 0, Size: 10
2025-12-23 11:57:31.036 [http-nio-8081-exec-9] DEBUG org.hibernate.SQL - 
    /* <criteria> */ select
        c1_0.id,
        c1_0.address,
        c1_0.city,
        c1_0.created_at,
        c1_0.date_of_birth,
        c1_0.email,
        c1_0.first_name,
        c1_0.last_name,
        c1_0.phone,
        c1_0.state,
        c1_0.status,
        c1_0.updated_at,
        c1_0.zip_code 
    from
        customers c1_0 
    order by
        c1_0.id 
    offset
        ? rows 
    fetch
        first ? rows only
2025-12-23 11:57:40.170 [http-nio-8081-exec-10] INFO  c.c.c.controller.CustomerController - REST request to get all customers - page: 0, size: 10
2025-12-23 11:57:40.173 [http-nio-8081-exec-10] INFO  c.c.c.s.impl.CustomerServiceImpl - Fetching all customers - Page: 0, Size: 10
2025-12-23 11:57:40.176 [http-nio-8081-exec-10] DEBUG org.hibernate.SQL - 
    /* <criteria> */ select
        c1_0.id,
        c1_0.address,
        c1_0.city,
        c1_0.created_at,
        c1_0.date_of_birth,
        c1_0.email,
        c1_0.first_name,
        c1_0.last_name,
        c1_0.phone,
        c1_0.state,
        c1_0.status,
        c1_0.updated_at,
        c1_0.zip_code 
    from
        customers c1_0 
    order by
        c1_0.id 
    offset
        ? rows 
    fetch
        first ? rows only
2025-12-23 11:57:40.211 [http-nio-8081-exec-4] INFO  c.c.c.controller.CustomerController - REST request to get all customers - page: 0, size: 10
2025-12-23 11:57:40.212 [http-nio-8081-exec-4] INFO  c.c.c.s.impl.CustomerServiceImpl - Fetching all customers - Page: 0, Size: 10
2025-12-23 11:57:40.217 [http-nio-8081-exec-4] DEBUG org.hibernate.SQL - 
    /* <criteria> */ select
        c1_0.id,
        c1_0.address,
        c1_0.city,
        c1_0.created_at,
        c1_0.date_of_birth,
        c1_0.email,
        c1_0.first_name,
        c1_0.last_name,
        c1_0.phone,
        c1_0.state,
        c1_0.status,
        c1_0.updated_at,
        c1_0.zip_code 
    from
        customers c1_0 
    order by
        c1_0.id 
    offset
        ? rows 
    fetch
        first ? rows only
2025-12-23 11:57:50.459 [http-nio-8081-exec-1] INFO  c.c.c.controller.CustomerController - REST request to update customer status: 1 to Blocked
2025-12-23 11:57:50.459 [http-nio-8081-exec-1] INFO  c.c.c.s.impl.CustomerServiceImpl - Updating status for customer ID: 1 to Blocked
2025-12-23 11:57:50.459 [http-nio-8081-exec-1] DEBUG org.hibernate.SQL - 
    select
        c1_0.id,
        c1_0.address,
        c1_0.city,
        c1_0.created_at,
        c1_0.date_of_birth,
        c1_0.email,
        c1_0.first_name,
        c1_0.last_name,
        c1_0.phone,
        c1_0.state,
        c1_0.status,
        c1_0.updated_at,
        c1_0.zip_code 
    from
        customers c1_0 
    where
        c1_0.id=?
2025-12-23 11:57:50.474 [http-nio-8081-exec-1] INFO  c.c.c.s.impl.CustomerServiceImpl - Customer status updated successfully
2025-12-23 11:57:50.494 [http-nio-8081-exec-1] DEBUG org.hibernate.SQL - 
    /* update
        for com.creditcard.customer.entity.Customer */update customers 
    set
        address=?,
        city=?,
        date_of_birth=?,
        email=?,
        first_name=?,
        last_name=?,
        phone=?,
        state=?,
        status=?,
        updated_at=?,
        zip_code=? 
    where
        id=?
2025-12-23 11:57:50.553 [http-nio-8081-exec-3] INFO  c.c.c.controller.CustomerController - REST request to get all customers - page: 0, size: 10
2025-12-23 11:57:50.554 [http-nio-8081-exec-3] INFO  c.c.c.s.impl.CustomerServiceImpl - Fetching all customers - Page: 0, Size: 10
2025-12-23 11:57:50.556 [http-nio-8081-exec-3] DEBUG org.hibernate.SQL - 
    /* <criteria> */ select
        c1_0.id,
        c1_0.address,
        c1_0.city,
        c1_0.created_at,
        c1_0.date_of_birth,
        c1_0.email,
        c1_0.first_name,
        c1_0.last_name,
        c1_0.phone,
        c1_0.state,
        c1_0.status,
        c1_0.updated_at,
        c1_0.zip_code 
    from
        customers c1_0 
    order by
        c1_0.id 
    offset
        ? rows 
    fetch
        first ? rows only
2025-12-23 11:58:08.631 [http-nio-8081-exec-2] INFO  c.c.c.controller.CustomerController - REST request to update customer status: 1 to Active
2025-12-23 11:58:08.639 [http-nio-8081-exec-2] INFO  c.c.c.s.impl.CustomerServiceImpl - Updating status for customer ID: 1 to Active
2025-12-23 11:58:08.641 [http-nio-8081-exec-2] DEBUG org.hibernate.SQL - 
    select
        c1_0.id,
        c1_0.address,
        c1_0.city,
        c1_0.created_at,
        c1_0.date_of_birth,
        c1_0.email,
        c1_0.first_name,
        c1_0.last_name,
        c1_0.phone,
        c1_0.state,
        c1_0.status,
        c1_0.updated_at,
        c1_0.zip_code 
    from
        customers c1_0 
    where
        c1_0.id=?
2025-12-23 11:58:08.645 [http-nio-8081-exec-2] INFO  c.c.c.s.impl.CustomerServiceImpl - Customer status updated successfully
2025-12-23 11:58:08.650 [http-nio-8081-exec-2] DEBUG org.hibernate.SQL - 
    /* update
        for com.creditcard.customer.entity.Customer */update customers 
    set
        address=?,
        city=?,
        date_of_birth=?,
        email=?,
        first_name=?,
        last_name=?,
        phone=?,
        state=?,
        status=?,
        updated_at=?,
        zip_code=? 
    where
        id=?
2025-12-23 11:58:08.680 [http-nio-8081-exec-6] INFO  c.c.c.controller.CustomerController - REST request to get all customers - page: 0, size: 10
2025-12-23 11:58:08.681 [http-nio-8081-exec-6] INFO  c.c.c.s.impl.CustomerServiceImpl - Fetching all customers - Page: 0, Size: 10
2025-12-23 11:58:08.686 [http-nio-8081-exec-6] DEBUG org.hibernate.SQL - 
    /* <criteria> */ select
        c1_0.id,
        c1_0.address,
        c1_0.city,
        c1_0.created_at,
        c1_0.date_of_birth,
        c1_0.email,
        c1_0.first_name,
        c1_0.last_name,
        c1_0.phone,
        c1_0.state,
        c1_0.status,
        c1_0.updated_at,
        c1_0.zip_code 
    from
        customers c1_0 
    order by
        c1_0.id 
    offset
        ? rows 
    fetch
        first ? rows only
2025-12-23 11:58:13.161 [http-nio-8081-exec-5] INFO  c.c.c.controller.CustomerController - REST request to get all customers - page: 0, size: 10
2025-12-23 11:58:13.164 [http-nio-8081-exec-5] INFO  c.c.c.s.impl.CustomerServiceImpl - Fetching all customers - Page: 0, Size: 10
2025-12-23 11:58:13.172 [http-nio-8081-exec-5] DEBUG org.hibernate.SQL - 
    /* <criteria> */ select
        c1_0.id,
        c1_0.address,
        c1_0.city,
        c1_0.created_at,
        c1_0.date_of_birth,
        c1_0.email,
        c1_0.first_name,
        c1_0.last_name,
        c1_0.phone,
        c1_0.state,
        c1_0.status,
        c1_0.updated_at,
        c1_0.zip_code 
    from
        customers c1_0 
    order by
        c1_0.id 
    offset
        ? rows 
    fetch
        first ? rows only
2025-12-23 11:58:13.206 [http-nio-8081-exec-7] INFO  c.c.c.controller.CustomerController - REST request to get all customers - page: 0, size: 10
2025-12-23 11:58:13.208 [http-nio-8081-exec-7] INFO  c.c.c.s.impl.CustomerServiceImpl - Fetching all customers - Page: 0, Size: 10
2025-12-23 11:58:13.212 [http-nio-8081-exec-7] DEBUG org.hibernate.SQL - 
    /* <criteria> */ select
        c1_0.id,
        c1_0.address,
        c1_0.city,
        c1_0.created_at,
        c1_0.date_of_birth,
        c1_0.email,
        c1_0.first_name,
        c1_0.last_name,
        c1_0.phone,
        c1_0.state,
        c1_0.status,
        c1_0.updated_at,
        c1_0.zip_code 
    from
        customers c1_0 
    order by
        c1_0.id 
    offset
        ? rows 
    fetch
        first ? rows only
2025-12-23 11:58:25.336 [http-nio-8081-exec-8] INFO  c.c.c.controller.CustomerController - REST request to get all customers - page: 0, size: 10
2025-12-23 11:58:25.338 [http-nio-8081-exec-8] INFO  c.c.c.s.impl.CustomerServiceImpl - Fetching all customers - Page: 0, Size: 10
2025-12-23 11:58:25.347 [http-nio-8081-exec-8] DEBUG org.hibernate.SQL - 
    /* <criteria> */ select
        c1_0.id,
        c1_0.address,
        c1_0.city,
        c1_0.created_at,
        c1_0.date_of_birth,
        c1_0.email,
        c1_0.first_name,
        c1_0.last_name,
        c1_0.phone,
        c1_0.state,
        c1_0.status,
        c1_0.updated_at,
        c1_0.zip_code 
    from
        customers c1_0 
    order by
        c1_0.id 
    offset
        ? rows 
    fetch
        first ? rows only
2025-12-23 11:58:25.390 [http-nio-8081-exec-9] INFO  c.c.c.controller.CustomerController - REST request to get all customers - page: 0, size: 10
2025-12-23 11:58:25.390 [http-nio-8081-exec-9] INFO  c.c.c.s.impl.CustomerServiceImpl - Fetching all customers - Page: 0, Size: 10
2025-12-23 11:58:25.400 [http-nio-8081-exec-9] DEBUG org.hibernate.SQL - 
    /* <criteria> */ select
        c1_0.id,
        c1_0.address,
        c1_0.city,
        c1_0.created_at,
        c1_0.date_of_birth,
        c1_0.email,
        c1_0.first_name,
        c1_0.last_name,
        c1_0.phone,
        c1_0.state,
        c1_0.status,
        c1_0.updated_at,
        c1_0.zip_code 
    from
        customers c1_0 
    order by
        c1_0.id 
    offset
        ? rows 
    fetch
        first ? rows only
2025-12-23 12:01:15.772 [http-nio-8081-exec-4] INFO  c.c.c.controller.CustomerController - REST request to check if customer exists with ID: 1
2025-12-23 12:01:15.777 [http-nio-8081-exec-4] DEBUG c.c.c.s.impl.CustomerServiceImpl - Checking if customer exists with ID: 1
2025-12-23 12:01:15.777 [http-nio-8081-exec-4] DEBUG org.hibernate.SQL - 
    /* select
        count(*) 
    from
        Customer x 
    WHERE
        x.id = :id */ select
            count(*) 
        from
            customers c1_0 
        where
            c1_0.id=?
2025-12-23 12:01:55.669 [http-nio-8081-exec-1] INFO  c.c.c.controller.CustomerController - REST request to check if customer exists with ID: 1
2025-12-23 12:01:55.669 [http-nio-8081-exec-1] DEBUG c.c.c.s.impl.CustomerServiceImpl - Checking if customer exists with ID: 1
2025-12-23 12:01:55.669 [http-nio-8081-exec-1] DEBUG org.hibernate.SQL - 
    /* select
        count(*) 
    from
        Customer x 
    WHERE
        x.id = :id */ select
            count(*) 
        from
            customers c1_0 
        where
            c1_0.id=?
2025-12-23 12:04:52.802 [http-nio-8081-exec-2] INFO  c.c.c.controller.CustomerController - REST request to get all customers - page: 0, size: 100
2025-12-23 12:04:52.802 [http-nio-8081-exec-2] INFO  c.c.c.s.impl.CustomerServiceImpl - Fetching all customers - Page: 0, Size: 100
2025-12-23 12:04:52.806 [http-nio-8081-exec-2] DEBUG org.hibernate.SQL - 
    /* <criteria> */ select
        c1_0.id,
        c1_0.address,
        c1_0.city,
        c1_0.created_at,
        c1_0.date_of_birth,
        c1_0.email,
        c1_0.first_name,
        c1_0.last_name,
        c1_0.phone,
        c1_0.state,
        c1_0.status,
        c1_0.updated_at,
        c1_0.zip_code 
    from
        customers c1_0 
    order by
        c1_0.id 
    offset
        ? rows 
    fetch
        first ? rows only
2025-12-23 12:04:52.831 [http-nio-8081-exec-6] INFO  c.c.c.controller.CustomerController - REST request to get all customers - page: 0, size: 100
2025-12-23 12:04:52.833 [http-nio-8081-exec-6] INFO  c.c.c.s.impl.CustomerServiceImpl - Fetching all customers - Page: 0, Size: 100
2025-12-23 12:04:52.834 [http-nio-8081-exec-6] DEBUG org.hibernate.SQL - 
    /* <criteria> */ select
        c1_0.id,
        c1_0.address,
        c1_0.city,
        c1_0.created_at,
        c1_0.date_of_birth,
        c1_0.email,
        c1_0.first_name,
        c1_0.last_name,
        c1_0.phone,
        c1_0.state,
        c1_0.status,
        c1_0.updated_at,
        c1_0.zip_code 
    from
        customers c1_0 
    order by
        c1_0.id 
    offset
        ? rows 
    fetch
        first ? rows only
2025-12-23 12:05:29.184 [http-nio-8081-exec-5] INFO  c.c.c.controller.CustomerController - REST request to get all customers - page: 0, size: 10
2025-12-23 12:05:29.185 [http-nio-8081-exec-5] INFO  c.c.c.s.impl.CustomerServiceImpl - Fetching all customers - Page: 0, Size: 10
2025-12-23 12:05:29.188 [http-nio-8081-exec-5] DEBUG org.hibernate.SQL - 
    /* <criteria> */ select
        c1_0.id,
        c1_0.address,
        c1_0.city,
        c1_0.created_at,
        c1_0.date_of_birth,
        c1_0.email,
        c1_0.first_name,
        c1_0.last_name,
        c1_0.phone,
        c1_0.state,
        c1_0.status,
        c1_0.updated_at,
        c1_0.zip_code 
    from
        customers c1_0 
    order by
        c1_0.id 
    offset
        ? rows 
    fetch
        first ? rows only
2025-12-23 12:05:29.214 [http-nio-8081-exec-7] INFO  c.c.c.controller.CustomerController - REST request to get all customers - page: 0, size: 10
2025-12-23 12:05:29.216 [http-nio-8081-exec-7] INFO  c.c.c.s.impl.CustomerServiceImpl - Fetching all customers - Page: 0, Size: 10
2025-12-23 12:05:29.219 [http-nio-8081-exec-7] DEBUG org.hibernate.SQL - 
    /* <criteria> */ select
        c1_0.id,
        c1_0.address,
        c1_0.city,
        c1_0.created_at,
        c1_0.date_of_birth,
        c1_0.email,
        c1_0.first_name,
        c1_0.last_name,
        c1_0.phone,
        c1_0.state,
        c1_0.status,
        c1_0.updated_at,
        c1_0.zip_code 
    from
        customers c1_0 
    order by
        c1_0.id 
    offset
        ? rows 
    fetch
        first ? rows only
2025-12-23 12:05:31.771 [http-nio-8081-exec-8] INFO  c.c.c.controller.CustomerController - REST request to get all customers - page: 0, size: 10000
2025-12-23 12:05:31.771 [http-nio-8081-exec-8] INFO  c.c.c.s.impl.CustomerServiceImpl - Fetching all customers - Page: 0, Size: 10000
2025-12-23 12:05:31.777 [http-nio-8081-exec-8] DEBUG org.hibernate.SQL - 
    /* <criteria> */ select
        c1_0.id,
        c1_0.address,
        c1_0.city,
        c1_0.created_at,
        c1_0.date_of_birth,
        c1_0.email,
        c1_0.first_name,
        c1_0.last_name,
        c1_0.phone,
        c1_0.state,
        c1_0.status,
        c1_0.updated_at,
        c1_0.zip_code 
    from
        customers c1_0 
    order by
        c1_0.id 
    offset
        ? rows 
    fetch
        first ? rows only
2025-12-23 12:05:31.798 [http-nio-8081-exec-9] INFO  c.c.c.controller.CustomerController - REST request to get all customers - page: 0, size: 10000
2025-12-23 12:05:31.798 [http-nio-8081-exec-9] INFO  c.c.c.s.impl.CustomerServiceImpl - Fetching all customers - Page: 0, Size: 10000
2025-12-23 12:05:31.801 [http-nio-8081-exec-9] DEBUG org.hibernate.SQL - 
    /* <criteria> */ select
        c1_0.id,
        c1_0.address,
        c1_0.city,
        c1_0.created_at,
        c1_0.date_of_birth,
        c1_0.email,
        c1_0.first_name,
        c1_0.last_name,
        c1_0.phone,
        c1_0.state,
        c1_0.status,
        c1_0.updated_at,
        c1_0.zip_code 
    from
        customers c1_0 
    order by
        c1_0.id 
    offset
        ? rows 
    fetch
        first ? rows only
2025-12-23 12:06:01.894 [http-nio-8081-exec-10] INFO  c.c.c.controller.CustomerController - REST request to get all customers - page: 0, size: 10
2025-12-23 12:06:01.894 [http-nio-8081-exec-10] INFO  c.c.c.s.impl.CustomerServiceImpl - Fetching all customers - Page: 0, Size: 10
2025-12-23 12:06:01.901 [http-nio-8081-exec-10] DEBUG org.hibernate.SQL - 
    /* <criteria> */ select
        c1_0.id,
        c1_0.address,
        c1_0.city,
        c1_0.created_at,
        c1_0.date_of_birth,
        c1_0.email,
        c1_0.first_name,
        c1_0.last_name,
        c1_0.phone,
        c1_0.state,
        c1_0.status,
        c1_0.updated_at,
        c1_0.zip_code 
    from
        customers c1_0 
    order by
        c1_0.id 
    offset
        ? rows 
    fetch
        first ? rows only
2025-12-23 12:06:01.929 [http-nio-8081-exec-4] INFO  c.c.c.controller.CustomerController - REST request to get all customers - page: 0, size: 10
2025-12-23 12:06:01.929 [http-nio-8081-exec-4] INFO  c.c.c.s.impl.CustomerServiceImpl - Fetching all customers - Page: 0, Size: 10
2025-12-23 12:06:01.934 [http-nio-8081-exec-4] DEBUG org.hibernate.SQL - 
    /* <criteria> */ select
        c1_0.id,
        c1_0.address,
        c1_0.city,
        c1_0.created_at,
        c1_0.date_of_birth,
        c1_0.email,
        c1_0.first_name,
        c1_0.last_name,
        c1_0.phone,
        c1_0.state,
        c1_0.status,
        c1_0.updated_at,
        c1_0.zip_code 
    from
        customers c1_0 
    order by
        c1_0.id 
    offset
        ? rows 
    fetch
        first ? rows only
2025-12-23 12:06:41.448 [http-nio-8081-exec-1] INFO  c.c.c.controller.CustomerController - REST request to get all customers - page: 0, size: 10
2025-12-23 12:06:41.450 [http-nio-8081-exec-1] INFO  c.c.c.s.impl.CustomerServiceImpl - Fetching all customers - Page: 0, Size: 10
2025-12-23 12:06:41.453 [http-nio-8081-exec-1] DEBUG org.hibernate.SQL - 
    /* <criteria> */ select
        c1_0.id,
        c1_0.address,
        c1_0.city,
        c1_0.created_at,
        c1_0.date_of_birth,
        c1_0.email,
        c1_0.first_name,
        c1_0.last_name,
        c1_0.phone,
        c1_0.state,
        c1_0.status,
        c1_0.updated_at,
        c1_0.zip_code 
    from
        customers c1_0 
    order by
        c1_0.id 
    offset
        ? rows 
    fetch
        first ? rows only
2025-12-23 12:06:41.475 [http-nio-8081-exec-3] INFO  c.c.c.controller.CustomerController - REST request to get all customers - page: 0, size: 10
2025-12-23 12:06:41.476 [http-nio-8081-exec-3] INFO  c.c.c.s.impl.CustomerServiceImpl - Fetching all customers - Page: 0, Size: 10
2025-12-23 12:06:41.480 [http-nio-8081-exec-3] DEBUG org.hibernate.SQL - 
    /* <criteria> */ select
        c1_0.id,
        c1_0.address,
        c1_0.city,
        c1_0.created_at,
        c1_0.date_of_birth,
        c1_0.email,
        c1_0.first_name,
        c1_0.last_name,
        c1_0.phone,
        c1_0.state,
        c1_0.status,
        c1_0.updated_at,
        c1_0.zip_code 
    from
        customers c1_0 
    order by
        c1_0.id 
    offset
        ? rows 
    fetch
        first ? rows only
2025-12-23 12:12:49.914 [http-nio-8081-exec-6] INFO  c.c.c.controller.CustomerController - REST request to get all customers - page: 0, size: 10
2025-12-23 12:12:49.917 [http-nio-8081-exec-6] INFO  c.c.c.s.impl.CustomerServiceImpl - Fetching all customers - Page: 0, Size: 10
2025-12-23 12:12:49.922 [http-nio-8081-exec-6] DEBUG org.hibernate.SQL - 
    /* <criteria> */ select
        c1_0.id,
        c1_0.address,
        c1_0.city,
        c1_0.created_at,
        c1_0.date_of_birth,
        c1_0.email,
        c1_0.first_name,
        c1_0.last_name,
        c1_0.phone,
        c1_0.state,
        c1_0.status,
        c1_0.updated_at,
        c1_0.zip_code 
    from
        customers c1_0 
    order by
        c1_0.id 
    offset
        ? rows 
    fetch
        first ? rows only
2025-12-23 12:12:49.966 [http-nio-8081-exec-5] INFO  c.c.c.controller.CustomerController - REST request to get all customers - page: 0, size: 10
2025-12-23 12:12:49.967 [http-nio-8081-exec-5] INFO  c.c.c.s.impl.CustomerServiceImpl - Fetching all customers - Page: 0, Size: 10
2025-12-23 12:12:49.969 [http-nio-8081-exec-5] DEBUG org.hibernate.SQL - 
    /* <criteria> */ select
        c1_0.id,
        c1_0.address,
        c1_0.city,
        c1_0.created_at,
        c1_0.date_of_birth,
        c1_0.email,
        c1_0.first_name,
        c1_0.last_name,
        c1_0.phone,
        c1_0.state,
        c1_0.status,
        c1_0.updated_at,
        c1_0.zip_code 
    from
        customers c1_0 
    order by
        c1_0.id 
    offset
        ? rows 
    fetch
        first ? rows only
2025-12-23 12:22:49.989 [CustomerServiceHikariCP housekeeper] WARN  com.zaxxer.hikari.pool.HikariPool - CustomerServiceHikariCP - Thread starvation or clock leap detected (housekeeper delta=2m33s440ms256s900ns).
2025-12-23 13:13:39.273 [RMI TCP Connection(102)-127.0.0.1] INFO  o.s.b.a.SpringApplicationAdminMXBeanRegistrar$SpringApplicationAdmin - Application shutdown requested.
2025-12-23 13:13:39.290 [RMI TCP Connection(102)-127.0.0.1] INFO  o.s.b.w.e.tomcat.GracefulShutdown - Commencing graceful shutdown. Waiting for active requests to complete
2025-12-23 13:13:39.292 [tomcat-shutdown] INFO  o.a.coyote.http11.Http11NioProtocol - Pausing ProtocolHandler ["http-nio-8081"]
2025-12-23 13:13:39.621 [tomcat-shutdown] INFO  o.s.b.w.e.tomcat.GracefulShutdown - Graceful shutdown complete
2025-12-23 13:13:39.624 [RMI TCP Connection(102)-127.0.0.1] INFO  o.a.coyote.http11.Http11NioProtocol - Stopping ProtocolHandler ["http-nio-8081"]
2025-12-23 13:13:39.634 [RMI TCP Connection(102)-127.0.0.1] INFO  o.s.o.j.LocalContainerEntityManagerFactoryBean - Closing JPA EntityManagerFactory for persistence unit 'default'
2025-12-23 13:13:39.640 [RMI TCP Connection(102)-127.0.0.1] INFO  com.zaxxer.hikari.HikariDataSource - CustomerServiceHikariCP - Shutdown initiated...
2025-12-23 13:13:39.642 [RMI TCP Connection(102)-127.0.0.1] INFO  com.zaxxer.hikari.HikariDataSource - CustomerServiceHikariCP - Shutdown completed.
2025-12-23 21:52:46.722 [background-preinit] INFO  o.h.validator.internal.util.Version - HV000001: Hibernate Validator 8.0.3.Final
2025-12-23 21:52:46.904 [restartedMain] INFO  c.c.c.CustomerServiceApplication - Starting CustomerServiceApplication using Java 17.0.17 with PID 12780 (C:\Users\abehera042\Project_Works\credit-card-portal\backend\customer-service\target\classes started by abehera042 in C:\Users\abehera042\Project_Works\credit-card-portal\backend\customer-service)
2025-12-23 21:52:46.905 [restartedMain] DEBUG c.c.c.CustomerServiceApplication - Running with Spring Boot v3.4.12, Spring v6.2.14
2025-12-23 21:52:46.907 [restartedMain] INFO  c.c.c.CustomerServiceApplication - No active profile set, falling back to 1 default profile: "default"
2025-12-23 21:52:47.063 [restartedMain] INFO  o.s.b.d.e.DevToolsPropertyDefaultsPostProcessor - Devtools property defaults active! Set 'spring.devtools.add-properties' to 'false' to disable
2025-12-23 21:52:47.063 [restartedMain] INFO  o.s.b.d.e.DevToolsPropertyDefaultsPostProcessor - For additional web related logging consider setting the 'logging.level.web' property to 'DEBUG'
2025-12-23 21:52:49.146 [restartedMain] INFO  o.s.c.i.s.PropertySourceProcessor - Properties location [classpath:application-${spring.profiles.active}.properties] not resolvable: Could not resolve placeholder 'spring.profiles.active' in value "classpath:application-${spring.profiles.active}.properties"
2025-12-23 21:52:50.566 [restartedMain] DEBUG o.s.c.o.FeignClientsRegistrar$1 - Identified candidate component class: file [C:\Users\abehera042\Project_Works\credit-card-portal\backend\customer-service\target\classes\com\creditcard\customer\feign\CardServiceClient.class]
2025-12-23 21:52:51.683 [restartedMain] INFO  o.s.d.r.c.RepositoryConfigurationDelegate - Bootstrapping Spring Data JPA repositories in DEFAULT mode.
2025-12-23 21:52:51.805 [restartedMain] INFO  o.s.d.r.c.RepositoryConfigurationDelegate - Finished Spring Data repository scanning in 101 ms. Found 1 JPA repository interface.
2025-12-23 21:52:52.326 [restartedMain] INFO  o.s.cloud.context.scope.GenericScope - BeanFactory id=5768698d-c3ad-35ce-a4f9-52671ec2d9bc
2025-12-23 21:52:53.893 [restartedMain] INFO  o.s.b.w.e.tomcat.TomcatWebServer - Tomcat initialized with port 8081 (http)
2025-12-23 21:52:53.913 [restartedMain] INFO  o.a.coyote.http11.Http11NioProtocol - Initializing ProtocolHandler ["http-nio-8081"]
2025-12-23 21:52:53.917 [restartedMain] INFO  o.a.catalina.core.StandardService - Starting service [Tomcat]
2025-12-23 21:52:53.918 [restartedMain] INFO  o.a.catalina.core.StandardEngine - Starting Servlet engine: [Apache Tomcat/10.1.49]
2025-12-23 21:52:54.073 [restartedMain] INFO  o.a.c.c.C.[Tomcat].[localhost].[/] - Initializing Spring embedded WebApplicationContext
2025-12-23 21:52:54.074 [restartedMain] INFO  o.s.b.w.s.c.ServletWebServerApplicationContext - Root WebApplicationContext: initialization completed in 7008 ms
2025-12-23 21:52:54.721 [restartedMain] INFO  com.zaxxer.hikari.HikariDataSource - CustomerServiceHikariCP - Starting...
2025-12-23 21:52:55.903 [restartedMain] INFO  com.zaxxer.hikari.pool.HikariPool - CustomerServiceHikariCP - Added connection org.postgresql.jdbc.PgConnection@36d8efce
2025-12-23 21:52:55.907 [restartedMain] INFO  com.zaxxer.hikari.HikariDataSource - CustomerServiceHikariCP - Start completed.
2025-12-23 21:52:56.135 [restartedMain] INFO  o.h.jpa.internal.util.LogHelper - HHH000204: Processing PersistenceUnitInfo [name: default]
2025-12-23 21:52:56.259 [restartedMain] INFO  org.hibernate.Version - HHH000412: Hibernate ORM core version 6.6.36.Final
2025-12-23 21:52:56.336 [restartedMain] INFO  o.h.c.i.RegionFactoryInitiator - HHH000026: Second-level cache disabled
2025-12-23 21:52:56.959 [restartedMain] INFO  o.s.o.j.p.SpringPersistenceUnitInfo - No LoadTimeWeaver setup: ignoring JPA class transformer
2025-12-23 21:52:57.100 [restartedMain] WARN  org.hibernate.orm.deprecation - HHH90000025: PostgreSQLDialect does not need to be specified explicitly using 'hibernate.dialect' (remove the property setting and it will be selected by default)
2025-12-23 21:52:57.136 [restartedMain] INFO  o.hibernate.orm.connections.pooling - HHH10001005: Database info:
	Database JDBC URL [Connecting through datasource 'HikariDataSource (CustomerServiceHikariCP)']
	Database driver: undefined/unknown
	Database version: 17.7
	Autocommit mode: undefined/unknown
	Isolation level: undefined/unknown
	Minimum pool size: undefined/unknown
	Maximum pool size: undefined/unknown
2025-12-23 21:52:59.666 [restartedMain] INFO  o.h.e.t.j.p.i.JtaPlatformInitiator - HHH000489: No JTA platform available (set 'hibernate.transaction.jta.platform' to enable JTA platform integration)
2025-12-23 21:52:59.943 [restartedMain] DEBUG org.hibernate.SQL - 
    create table customers (
        id bigint generated by default as identity,
        address varchar(500),
        city varchar(100),
        created_at timestamp(6) not null,
        date_of_birth timestamp(6),
        email varchar(255) not null,
        first_name varchar(100) not null,
        last_name varchar(100) not null,
        phone varchar(10) not null,
        state varchar(50),
        status varchar(20) not null check (status in ('ACTIVE','INACTIVE','SUSPENDED','BLOCKED')),
        updated_at timestamp(6),
        zip_code varchar(10),
        primary key (id)
    )
2025-12-23 21:52:59.997 [restartedMain] DEBUG org.hibernate.SQL - 
    create index idx_email 
       on customers (email)
2025-12-23 21:53:00.009 [restartedMain] DEBUG org.hibernate.SQL - 
    create index idx_phone 
       on customers (phone)
2025-12-23 21:53:00.018 [restartedMain] DEBUG org.hibernate.SQL - 
    create index idx_status 
       on customers (status)
2025-12-23 21:53:00.030 [restartedMain] DEBUG org.hibernate.SQL - 
    alter table if exists customers 
       drop constraint if exists UKrfbvkrffamfql7cjmen8v976v
2025-12-23 21:53:00.035 [restartedMain] WARN  o.h.e.jdbc.spi.SqlExceptionHelper - SQL Warning Code: 0, SQLState: 00000
2025-12-23 21:53:00.036 [restartedMain] WARN  o.h.e.jdbc.spi.SqlExceptionHelper - constraint "ukrfbvkrffamfql7cjmen8v976v" of relation "customers" does not exist, skipping
2025-12-23 21:53:00.037 [restartedMain] DEBUG org.hibernate.SQL - 
    alter table if exists customers 
       add constraint UKrfbvkrffamfql7cjmen8v976v unique (email)
2025-12-23 21:53:00.050 [restartedMain] INFO  o.s.o.j.LocalContainerEntityManagerFactoryBean - Initialized JPA EntityManagerFactory for persistence unit 'default'
2025-12-23 21:53:01.582 [restartedMain] INFO  o.s.d.j.r.query.QueryEnhancerFactory - Hibernate is in classpath; If applicable, HQL parser will be used.
2025-12-23 21:53:03.569 [restartedMain] DEBUG o.s.c.o.FeignClientFactoryBean - Creating a FeignClientFactoryBean.
2025-12-23 21:53:06.116 [restartedMain] INFO  o.s.b.a.e.web.EndpointLinksResolver - Exposing 3 endpoints beneath base path '/actuator'
2025-12-23 21:53:09.520 [restartedMain] WARN  o.s.b.d.a.OptionalLiveReloadServer - Unable to start LiveReload server
2025-12-23 21:53:11.028 [restartedMain] INFO  o.s.cloud.commons.util.InetUtils - Cannot determine local hostname
2025-12-23 21:53:11.467 [restartedMain] INFO  o.a.coyote.http11.Http11NioProtocol - Starting ProtocolHandler ["http-nio-8081"]
2025-12-23 21:53:11.532 [restartedMain] INFO  o.s.b.w.e.tomcat.TomcatWebServer - Tomcat started on port 8081 (http) with context path '/'
2025-12-23 21:53:12.995 [restartedMain] INFO  o.s.cloud.commons.util.InetUtils - Cannot determine local hostname
2025-12-23 21:53:13.041 [restartedMain] INFO  c.c.c.CustomerServiceApplication - Started CustomerServiceApplication in 29.49 seconds (process running for 32.59)
2025-12-23 21:53:13.910 [RMI TCP Connection(4)-127.0.0.1] INFO  o.a.c.c.C.[Tomcat].[localhost].[/] - Initializing Spring DispatcherServlet 'dispatcherServlet'
2025-12-23 21:53:13.910 [RMI TCP Connection(4)-127.0.0.1] INFO  o.s.web.servlet.DispatcherServlet - Initializing Servlet 'dispatcherServlet'
2025-12-23 21:53:13.913 [RMI TCP Connection(4)-127.0.0.1] INFO  o.s.web.servlet.DispatcherServlet - Completed initialization in 3 ms
2025-12-23 21:56:10.671 [http-nio-8081-exec-1] INFO  c.c.c.controller.CustomerController - REST request to get customer: 1
2025-12-23 21:56:10.693 [http-nio-8081-exec-1] INFO  c.c.c.s.impl.CustomerServiceImpl - Fetching customer with ID: 1
2025-12-23 21:56:10.795 [http-nio-8081-exec-1] DEBUG org.hibernate.SQL - 
    select
        c1_0.id,
        c1_0.address,
        c1_0.city,
        c1_0.created_at,
        c1_0.date_of_birth,
        c1_0.email,
        c1_0.first_name,
        c1_0.last_name,
        c1_0.phone,
        c1_0.state,
        c1_0.status,
        c1_0.updated_at,
        c1_0.zip_code 
    from
        customers c1_0 
    where
        c1_0.id=?
2025-12-23 21:56:10.874 [http-nio-8081-exec-1] ERROR c.c.c.s.impl.CustomerServiceImpl - Customer not found with ID: 1
2025-12-23 21:56:10.890 [http-nio-8081-exec-1] ERROR c.c.c.e.GlobalExceptionHandler - Customer not found: Customer not found with ID: 1
2025-12-23 21:56:10.970 [http-nio-8081-exec-1] WARN  o.s.w.s.m.m.a.ExceptionHandlerExceptionResolver - Resolved [com.creditcard.customer.exception.CustomerNotFoundException: Customer not found with ID: 1]
2025-12-23 21:56:11.001 [http-nio-8081-exec-2] INFO  c.c.c.controller.CustomerController - REST request to get customer: 1
2025-12-23 21:56:11.003 [http-nio-8081-exec-2] INFO  c.c.c.s.impl.CustomerServiceImpl - Fetching customer with ID: 1
2025-12-23 21:56:11.003 [http-nio-8081-exec-2] DEBUG org.hibernate.SQL - 
    select
        c1_0.id,
        c1_0.address,
        c1_0.city,
        c1_0.created_at,
        c1_0.date_of_birth,
        c1_0.email,
        c1_0.first_name,
        c1_0.last_name,
        c1_0.phone,
        c1_0.state,
        c1_0.status,
        c1_0.updated_at,
        c1_0.zip_code 
    from
        customers c1_0 
    where
        c1_0.id=?
2025-12-23 21:56:11.006 [http-nio-8081-exec-2] ERROR c.c.c.s.impl.CustomerServiceImpl - Customer not found with ID: 1
2025-12-23 21:56:11.009 [http-nio-8081-exec-2] ERROR c.c.c.e.GlobalExceptionHandler - Customer not found: Customer not found with ID: 1
2025-12-23 21:56:11.016 [http-nio-8081-exec-2] WARN  o.s.w.s.m.m.a.ExceptionHandlerExceptionResolver - Resolved [com.creditcard.customer.exception.CustomerNotFoundException: Customer not found with ID: 1]
2025-12-23 21:56:31.362 [http-nio-8081-exec-3] INFO  c.c.c.controller.CustomerController - REST request to get customer: 1
2025-12-23 21:56:31.362 [http-nio-8081-exec-3] INFO  c.c.c.s.impl.CustomerServiceImpl - Fetching customer with ID: 1
2025-12-23 21:56:31.362 [http-nio-8081-exec-3] DEBUG org.hibernate.SQL - 
    select
        c1_0.id,
        c1_0.address,
        c1_0.city,
        c1_0.created_at,
        c1_0.date_of_birth,
        c1_0.email,
        c1_0.first_name,
        c1_0.last_name,
        c1_0.phone,
        c1_0.state,
        c1_0.status,
        c1_0.updated_at,
        c1_0.zip_code 
    from
        customers c1_0 
    where
        c1_0.id=?
2025-12-23 21:56:31.362 [http-nio-8081-exec-3] ERROR c.c.c.s.impl.CustomerServiceImpl - Customer not found with ID: 1
2025-12-23 21:56:31.372 [http-nio-8081-exec-3] ERROR c.c.c.e.GlobalExceptionHandler - Customer not found: Customer not found with ID: 1
2025-12-23 21:56:31.376 [http-nio-8081-exec-3] WARN  o.s.w.s.m.m.a.ExceptionHandlerExceptionResolver - Resolved [com.creditcard.customer.exception.CustomerNotFoundException: Customer not found with ID: 1]
2025-12-23 21:56:31.694 [http-nio-8081-exec-4] INFO  c.c.c.controller.CustomerController - REST request to create customer: abhisekbeheradd@gmail.com
2025-12-23 21:56:31.698 [http-nio-8081-exec-4] INFO  c.c.c.s.impl.CustomerServiceImpl - Creating customer with email: abhisekbeheradd@gmail.com
2025-12-23 21:56:31.847 [http-nio-8081-exec-4] DEBUG org.hibernate.SQL - 
    /* <criteria> */ select
        c1_0.id 
    from
        customers c1_0 
    where
        c1_0.email=? 
    fetch
        first ? rows only
2025-12-23 21:56:31.920 [http-nio-8081-exec-4] DEBUG org.hibernate.SQL - 
    /* insert for
        com.creditcard.customer.entity.Customer */insert 
    into
        customers (address, city, created_at, date_of_birth, email, first_name, last_name, phone, state, status, updated_at, zip_code) 
    values
        (?, ?, ?, ?, ?, ?, ?, ?, ?, ?, ?, ?)
2025-12-23 21:56:31.969 [http-nio-8081-exec-4] INFO  c.c.c.s.impl.CustomerServiceImpl - Customer created successfully with ID: 1
2025-12-23 21:56:32.046 [http-nio-8081-exec-5] INFO  c.c.c.controller.CustomerController - REST request to get customer: 1
2025-12-23 21:56:32.046 [http-nio-8081-exec-5] INFO  c.c.c.s.impl.CustomerServiceImpl - Fetching customer with ID: 1
2025-12-23 21:56:32.046 [http-nio-8081-exec-5] DEBUG org.hibernate.SQL - 
    select
        c1_0.id,
        c1_0.address,
        c1_0.city,
        c1_0.created_at,
        c1_0.date_of_birth,
        c1_0.email,
        c1_0.first_name,
        c1_0.last_name,
        c1_0.phone,
        c1_0.state,
        c1_0.status,
        c1_0.updated_at,
        c1_0.zip_code 
    from
        customers c1_0 
    where
        c1_0.id=?
2025-12-23 21:56:41.569 [http-nio-8081-exec-6] INFO  c.c.c.controller.CustomerController - REST request to check if customer exists with ID: 1
2025-12-23 21:56:41.571 [http-nio-8081-exec-6] DEBUG c.c.c.s.impl.CustomerServiceImpl - Checking if customer exists with ID: 1
2025-12-23 21:56:41.621 [http-nio-8081-exec-6] DEBUG org.hibernate.SQL - 
    /* select
        count(*) 
    from
        Customer x 
    WHERE
        x.id = :id */ select
            count(*) 
        from
            customers c1_0 
        where
            c1_0.id=?
2025-12-23 21:59:39.899 [http-nio-8081-exec-9] INFO  c.c.c.controller.CustomerController - REST request to check if customer exists with ID: 1
2025-12-23 21:59:39.905 [http-nio-8081-exec-9] DEBUG c.c.c.s.impl.CustomerServiceImpl - Checking if customer exists with ID: 1
2025-12-23 21:59:39.910 [http-nio-8081-exec-9] DEBUG org.hibernate.SQL - 
    /* select
        count(*) 
    from
        Customer x 
    WHERE
        x.id = :id */ select
            count(*) 
        from
            customers c1_0 
        where
            c1_0.id=?
2025-12-23 22:02:05.540 [http-nio-8081-exec-1] INFO  c.c.c.controller.CustomerController - REST request to check if customer exists with ID: 1
2025-12-23 22:02:05.545 [http-nio-8081-exec-1] DEBUG c.c.c.s.impl.CustomerServiceImpl - Checking if customer exists with ID: 1
2025-12-23 22:02:05.548 [http-nio-8081-exec-1] DEBUG org.hibernate.SQL - 
    /* select
        count(*) 
    from
        Customer x 
    WHERE
        x.id = :id */ select
            count(*) 
        from
            customers c1_0 
        where
            c1_0.id=?
2025-12-23 22:03:54.365 [http-nio-8081-exec-3] INFO  c.c.c.controller.CustomerController - REST request to get customer: 1
2025-12-23 22:03:54.368 [http-nio-8081-exec-3] INFO  c.c.c.s.impl.CustomerServiceImpl - Fetching customer with ID: 1
2025-12-23 22:03:54.369 [http-nio-8081-exec-3] DEBUG org.hibernate.SQL - 
    select
        c1_0.id,
        c1_0.address,
        c1_0.city,
        c1_0.created_at,
        c1_0.date_of_birth,
        c1_0.email,
        c1_0.first_name,
        c1_0.last_name,
        c1_0.phone,
        c1_0.state,
        c1_0.status,
        c1_0.updated_at,
        c1_0.zip_code 
    from
        customers c1_0 
    where
        c1_0.id=?
2025-12-23 22:03:54.396 [http-nio-8081-exec-4] INFO  c.c.c.controller.CustomerController - REST request to get customer: 1
2025-12-23 22:03:54.398 [http-nio-8081-exec-4] INFO  c.c.c.s.impl.CustomerServiceImpl - Fetching customer with ID: 1
2025-12-23 22:03:54.399 [http-nio-8081-exec-4] DEBUG org.hibernate.SQL - 
    select
        c1_0.id,
        c1_0.address,
        c1_0.city,
        c1_0.created_at,
        c1_0.date_of_birth,
        c1_0.email,
        c1_0.first_name,
        c1_0.last_name,
        c1_0.phone,
        c1_0.state,
        c1_0.status,
        c1_0.updated_at,
        c1_0.zip_code 
    from
        customers c1_0 
    where
        c1_0.id=?
2025-12-23 22:05:33.082 [http-nio-8081-exec-6] INFO  c.c.c.controller.CustomerController - REST request to get all customers - page: 0, size: 10
2025-12-23 22:05:33.086 [http-nio-8081-exec-6] INFO  c.c.c.s.impl.CustomerServiceImpl - Fetching all customers - Page: 0, Size: 10
2025-12-23 22:05:33.107 [http-nio-8081-exec-6] DEBUG org.hibernate.SQL - 
    /* <criteria> */ select
        c1_0.id,
        c1_0.address,
        c1_0.city,
        c1_0.created_at,
        c1_0.date_of_birth,
        c1_0.email,
        c1_0.first_name,
        c1_0.last_name,
        c1_0.phone,
        c1_0.state,
        c1_0.status,
        c1_0.updated_at,
        c1_0.zip_code 
    from
        customers c1_0 
    order by
        c1_0.id 
    offset
        ? rows 
    fetch
        first ? rows only
2025-12-23 22:05:33.138 [http-nio-8081-exec-6] WARN  o.s.d.w.c.SpringDataJacksonConfiguration$PageModule$WarningLoggingModifier - Serializing PageImpl instances as-is is not supported, meaning that there is no guarantee about the stability of the resulting JSON structure!
	For a stable JSON structure, please use Spring Data's PagedModel (globally via @EnableSpringDataWebSupport(pageSerializationMode = VIA_DTO))
	or Spring HATEOAS and Spring Data's PagedResourcesAssembler as documented in https://docs.spring.io/spring-data/commons/reference/repositories/core-extensions.html#core.web.pageables.

2025-12-23 22:05:33.173 [http-nio-8081-exec-7] INFO  c.c.c.controller.CustomerController - REST request to get all customers - page: 0, size: 10
2025-12-23 22:05:33.175 [http-nio-8081-exec-7] INFO  c.c.c.s.impl.CustomerServiceImpl - Fetching all customers - Page: 0, Size: 10
2025-12-23 22:05:33.178 [http-nio-8081-exec-7] DEBUG org.hibernate.SQL - 
    /* <criteria> */ select
        c1_0.id,
        c1_0.address,
        c1_0.city,
        c1_0.created_at,
        c1_0.date_of_birth,
        c1_0.email,
        c1_0.first_name,
        c1_0.last_name,
        c1_0.phone,
        c1_0.state,
        c1_0.status,
        c1_0.updated_at,
        c1_0.zip_code 
    from
        customers c1_0 
    order by
        c1_0.id 
    offset
        ? rows 
    fetch
        first ? rows only
2025-12-23 22:05:43.843 [http-nio-8081-exec-8] INFO  c.c.c.controller.CustomerController - REST request to get all customers - page: 0, size: 10
2025-12-23 22:05:43.846 [http-nio-8081-exec-8] INFO  c.c.c.s.impl.CustomerServiceImpl - Fetching all customers - Page: 0, Size: 10
2025-12-23 22:05:43.851 [http-nio-8081-exec-8] DEBUG org.hibernate.SQL - 
    /* <criteria> */ select
        c1_0.id,
        c1_0.address,
        c1_0.city,
        c1_0.created_at,
        c1_0.date_of_birth,
        c1_0.email,
        c1_0.first_name,
        c1_0.last_name,
        c1_0.phone,
        c1_0.state,
        c1_0.status,
        c1_0.updated_at,
        c1_0.zip_code 
    from
        customers c1_0 
    order by
        c1_0.id 
    offset
        ? rows 
    fetch
        first ? rows only
2025-12-23 22:05:43.889 [http-nio-8081-exec-9] INFO  c.c.c.controller.CustomerController - REST request to get all customers - page: 0, size: 10
2025-12-23 22:05:43.890 [http-nio-8081-exec-9] INFO  c.c.c.s.impl.CustomerServiceImpl - Fetching all customers - Page: 0, Size: 10
2025-12-23 22:05:43.893 [http-nio-8081-exec-9] DEBUG org.hibernate.SQL - 
    /* <criteria> */ select
        c1_0.id,
        c1_0.address,
        c1_0.city,
        c1_0.created_at,
        c1_0.date_of_birth,
        c1_0.email,
        c1_0.first_name,
        c1_0.last_name,
        c1_0.phone,
        c1_0.state,
        c1_0.status,
        c1_0.updated_at,
        c1_0.zip_code 
    from
        customers c1_0 
    order by
        c1_0.id 
    offset
        ? rows 
    fetch
        first ? rows only
2025-12-23 22:06:07.478 [http-nio-8081-exec-10] INFO  c.c.c.controller.CustomerController - REST request to get all customers - page: 0, size: 10
2025-12-23 22:06:07.481 [http-nio-8081-exec-10] INFO  c.c.c.s.impl.CustomerServiceImpl - Fetching all customers - Page: 0, Size: 10
2025-12-23 22:06:07.486 [http-nio-8081-exec-10] DEBUG org.hibernate.SQL - 
    /* <criteria> */ select
        c1_0.id,
        c1_0.address,
        c1_0.city,
        c1_0.created_at,
        c1_0.date_of_birth,
        c1_0.email,
        c1_0.first_name,
        c1_0.last_name,
        c1_0.phone,
        c1_0.state,
        c1_0.status,
        c1_0.updated_at,
        c1_0.zip_code 
    from
        customers c1_0 
    order by
        c1_0.id 
    offset
        ? rows 
    fetch
        first ? rows only
2025-12-23 22:06:07.520 [http-nio-8081-exec-1] INFO  c.c.c.controller.CustomerController - REST request to get all customers - page: 0, size: 10
2025-12-23 22:06:07.522 [http-nio-8081-exec-1] INFO  c.c.c.s.impl.CustomerServiceImpl - Fetching all customers - Page: 0, Size: 10
2025-12-23 22:06:07.526 [http-nio-8081-exec-1] DEBUG org.hibernate.SQL - 
    /* <criteria> */ select
        c1_0.id,
        c1_0.address,
        c1_0.city,
        c1_0.created_at,
        c1_0.date_of_birth,
        c1_0.email,
        c1_0.first_name,
        c1_0.last_name,
        c1_0.phone,
        c1_0.state,
        c1_0.status,
        c1_0.updated_at,
        c1_0.zip_code 
    from
        customers c1_0 
    order by
        c1_0.id 
    offset
        ? rows 
    fetch
        first ? rows only
2025-12-23 22:06:09.418 [http-nio-8081-exec-2] INFO  c.c.c.controller.CustomerController - REST request to get all customers - page: 0, size: 10
2025-12-23 22:06:09.421 [http-nio-8081-exec-2] INFO  c.c.c.s.impl.CustomerServiceImpl - Fetching all customers - Page: 0, Size: 10
2025-12-23 22:06:09.426 [http-nio-8081-exec-2] DEBUG org.hibernate.SQL - 
    /* <criteria> */ select
        c1_0.id,
        c1_0.address,
        c1_0.city,
        c1_0.created_at,
        c1_0.date_of_birth,
        c1_0.email,
        c1_0.first_name,
        c1_0.last_name,
        c1_0.phone,
        c1_0.state,
        c1_0.status,
        c1_0.updated_at,
        c1_0.zip_code 
    from
        customers c1_0 
    order by
        c1_0.id 
    offset
        ? rows 
    fetch
        first ? rows only
2025-12-23 22:06:09.456 [http-nio-8081-exec-3] INFO  c.c.c.controller.CustomerController - REST request to get all customers - page: 0, size: 10
2025-12-23 22:06:09.457 [http-nio-8081-exec-3] INFO  c.c.c.s.impl.CustomerServiceImpl - Fetching all customers - Page: 0, Size: 10
2025-12-23 22:06:09.466 [http-nio-8081-exec-3] DEBUG org.hibernate.SQL - 
    /* <criteria> */ select
        c1_0.id,
        c1_0.address,
        c1_0.city,
        c1_0.created_at,
        c1_0.date_of_birth,
        c1_0.email,
        c1_0.first_name,
        c1_0.last_name,
        c1_0.phone,
        c1_0.state,
        c1_0.status,
        c1_0.updated_at,
        c1_0.zip_code 
    from
        customers c1_0 
    order by
        c1_0.id 
    offset
        ? rows 
    fetch
        first ? rows only
2025-12-23 22:06:11.731 [http-nio-8081-exec-4] INFO  c.c.c.controller.CustomerController - REST request to get all customers - page: 0, size: 10
2025-12-23 22:06:11.734 [http-nio-8081-exec-4] INFO  c.c.c.s.impl.CustomerServiceImpl - Fetching all customers - Page: 0, Size: 10
2025-12-23 22:06:11.737 [http-nio-8081-exec-4] DEBUG org.hibernate.SQL - 
    /* <criteria> */ select
        c1_0.id,
        c1_0.address,
        c1_0.city,
        c1_0.created_at,
        c1_0.date_of_birth,
        c1_0.email,
        c1_0.first_name,
        c1_0.last_name,
        c1_0.phone,
        c1_0.state,
        c1_0.status,
        c1_0.updated_at,
        c1_0.zip_code 
    from
        customers c1_0 
    order by
        c1_0.id 
    offset
        ? rows 
    fetch
        first ? rows only
2025-12-23 22:06:11.764 [http-nio-8081-exec-5] INFO  c.c.c.controller.CustomerController - REST request to get all customers - page: 0, size: 10
2025-12-23 22:06:11.765 [http-nio-8081-exec-5] INFO  c.c.c.s.impl.CustomerServiceImpl - Fetching all customers - Page: 0, Size: 10
2025-12-23 22:06:11.769 [http-nio-8081-exec-5] DEBUG org.hibernate.SQL - 
    /* <criteria> */ select
        c1_0.id,
        c1_0.address,
        c1_0.city,
        c1_0.created_at,
        c1_0.date_of_birth,
        c1_0.email,
        c1_0.first_name,
        c1_0.last_name,
        c1_0.phone,
        c1_0.state,
        c1_0.status,
        c1_0.updated_at,
        c1_0.zip_code 
    from
        customers c1_0 
    order by
        c1_0.id 
    offset
        ? rows 
    fetch
        first ? rows only
2025-12-23 22:06:33.740 [http-nio-8081-exec-6] INFO  c.c.c.controller.CustomerController - REST request to get all customers - page: 0, size: 10
2025-12-23 22:06:33.742 [http-nio-8081-exec-6] INFO  c.c.c.s.impl.CustomerServiceImpl - Fetching all customers - Page: 0, Size: 10
2025-12-23 22:06:33.747 [http-nio-8081-exec-6] DEBUG org.hibernate.SQL - 
    /* <criteria> */ select
        c1_0.id,
        c1_0.address,
        c1_0.city,
        c1_0.created_at,
        c1_0.date_of_birth,
        c1_0.email,
        c1_0.first_name,
        c1_0.last_name,
        c1_0.phone,
        c1_0.state,
        c1_0.status,
        c1_0.updated_at,
        c1_0.zip_code 
    from
        customers c1_0 
    order by
        c1_0.id 
    offset
        ? rows 
    fetch
        first ? rows only
2025-12-23 22:06:33.781 [http-nio-8081-exec-7] INFO  c.c.c.controller.CustomerController - REST request to get all customers - page: 0, size: 10
2025-12-23 22:06:33.782 [http-nio-8081-exec-7] INFO  c.c.c.s.impl.CustomerServiceImpl - Fetching all customers - Page: 0, Size: 10
2025-12-23 22:06:33.786 [http-nio-8081-exec-7] DEBUG org.hibernate.SQL - 
    /* <criteria> */ select
        c1_0.id,
        c1_0.address,
        c1_0.city,
        c1_0.created_at,
        c1_0.date_of_birth,
        c1_0.email,
        c1_0.first_name,
        c1_0.last_name,
        c1_0.phone,
        c1_0.state,
        c1_0.status,
        c1_0.updated_at,
        c1_0.zip_code 
    from
        customers c1_0 
    order by
        c1_0.id 
    offset
        ? rows 
    fetch
        first ? rows only
2025-12-23 22:06:36.024 [http-nio-8081-exec-8] INFO  c.c.c.controller.CustomerController - REST request to get all customers - page: 0, size: 100
2025-12-23 22:06:36.027 [http-nio-8081-exec-8] INFO  c.c.c.s.impl.CustomerServiceImpl - Fetching all customers - Page: 0, Size: 100
2025-12-23 22:06:36.032 [http-nio-8081-exec-8] DEBUG org.hibernate.SQL - 
    /* <criteria> */ select
        c1_0.id,
        c1_0.address,
        c1_0.city,
        c1_0.created_at,
        c1_0.date_of_birth,
        c1_0.email,
        c1_0.first_name,
        c1_0.last_name,
        c1_0.phone,
        c1_0.state,
        c1_0.status,
        c1_0.updated_at,
        c1_0.zip_code 
    from
        customers c1_0 
    order by
        c1_0.id 
    offset
        ? rows 
    fetch
        first ? rows only
2025-12-23 22:06:36.058 [http-nio-8081-exec-9] INFO  c.c.c.controller.CustomerController - REST request to get all customers - page: 0, size: 100
2025-12-23 22:06:36.059 [http-nio-8081-exec-9] INFO  c.c.c.s.impl.CustomerServiceImpl - Fetching all customers - Page: 0, Size: 100
2025-12-23 22:06:36.063 [http-nio-8081-exec-9] DEBUG org.hibernate.SQL - 
    /* <criteria> */ select
        c1_0.id,
        c1_0.address,
        c1_0.city,
        c1_0.created_at,
        c1_0.date_of_birth,
        c1_0.email,
        c1_0.first_name,
        c1_0.last_name,
        c1_0.phone,
        c1_0.state,
        c1_0.status,
        c1_0.updated_at,
        c1_0.zip_code 
    from
        customers c1_0 
    order by
        c1_0.id 
    offset
        ? rows 
    fetch
        first ? rows only
2025-12-23 22:07:01.851 [http-nio-8081-exec-10] INFO  c.c.c.controller.CustomerController - REST request to get all customers - page: 0, size: 10
2025-12-23 22:07:01.854 [http-nio-8081-exec-10] INFO  c.c.c.s.impl.CustomerServiceImpl - Fetching all customers - Page: 0, Size: 10
2025-12-23 22:07:01.858 [http-nio-8081-exec-10] DEBUG org.hibernate.SQL - 
    /* <criteria> */ select
        c1_0.id,
        c1_0.address,
        c1_0.city,
        c1_0.created_at,
        c1_0.date_of_birth,
        c1_0.email,
        c1_0.first_name,
        c1_0.last_name,
        c1_0.phone,
        c1_0.state,
        c1_0.status,
        c1_0.updated_at,
        c1_0.zip_code 
    from
        customers c1_0 
    order by
        c1_0.id 
    offset
        ? rows 
    fetch
        first ? rows only
2025-12-23 22:07:01.885 [http-nio-8081-exec-1] INFO  c.c.c.controller.CustomerController - REST request to get all customers - page: 0, size: 10
2025-12-23 22:07:01.886 [http-nio-8081-exec-1] INFO  c.c.c.s.impl.CustomerServiceImpl - Fetching all customers - Page: 0, Size: 10
2025-12-23 22:07:01.890 [http-nio-8081-exec-1] DEBUG org.hibernate.SQL - 
    /* <criteria> */ select
        c1_0.id,
        c1_0.address,
        c1_0.city,
        c1_0.created_at,
        c1_0.date_of_birth,
        c1_0.email,
        c1_0.first_name,
        c1_0.last_name,
        c1_0.phone,
        c1_0.state,
        c1_0.status,
        c1_0.updated_at,
        c1_0.zip_code 
    from
        customers c1_0 
    order by
        c1_0.id 
    offset
        ? rows 
    fetch
        first ? rows only
2025-12-23 22:07:42.471 [http-nio-8081-exec-2] INFO  c.c.c.controller.CustomerController - REST request to get all customers - page: 0, size: 10
2025-12-23 22:07:42.473 [http-nio-8081-exec-2] INFO  c.c.c.s.impl.CustomerServiceImpl - Fetching all customers - Page: 0, Size: 10
2025-12-23 22:07:42.479 [http-nio-8081-exec-2] DEBUG org.hibernate.SQL - 
    /* <criteria> */ select
        c1_0.id,
        c1_0.address,
        c1_0.city,
        c1_0.created_at,
        c1_0.date_of_birth,
        c1_0.email,
        c1_0.first_name,
        c1_0.last_name,
        c1_0.phone,
        c1_0.state,
        c1_0.status,
        c1_0.updated_at,
        c1_0.zip_code 
    from
        customers c1_0 
    order by
        c1_0.id 
    offset
        ? rows 
    fetch
        first ? rows only
2025-12-23 22:07:42.504 [http-nio-8081-exec-3] INFO  c.c.c.controller.CustomerController - REST request to get all customers - page: 0, size: 10
2025-12-23 22:07:42.505 [http-nio-8081-exec-3] INFO  c.c.c.s.impl.CustomerServiceImpl - Fetching all customers - Page: 0, Size: 10
2025-12-23 22:07:42.512 [http-nio-8081-exec-3] DEBUG org.hibernate.SQL - 
    /* <criteria> */ select
        c1_0.id,
        c1_0.address,
        c1_0.city,
        c1_0.created_at,
        c1_0.date_of_birth,
        c1_0.email,
        c1_0.first_name,
        c1_0.last_name,
        c1_0.phone,
        c1_0.state,
        c1_0.status,
        c1_0.updated_at,
        c1_0.zip_code 
    from
        customers c1_0 
    order by
        c1_0.id 
    offset
        ? rows 
    fetch
        first ? rows only
2025-12-23 22:07:43.692 [http-nio-8081-exec-4] INFO  c.c.c.controller.CustomerController - REST request to get all customers - page: 0, size: 10000
2025-12-23 22:07:43.695 [http-nio-8081-exec-4] INFO  c.c.c.s.impl.CustomerServiceImpl - Fetching all customers - Page: 0, Size: 10000
2025-12-23 22:07:43.700 [http-nio-8081-exec-4] DEBUG org.hibernate.SQL - 
    /* <criteria> */ select
        c1_0.id,
        c1_0.address,
        c1_0.city,
        c1_0.created_at,
        c1_0.date_of_birth,
        c1_0.email,
        c1_0.first_name,
        c1_0.last_name,
        c1_0.phone,
        c1_0.state,
        c1_0.status,
        c1_0.updated_at,
        c1_0.zip_code 
    from
        customers c1_0 
    order by
        c1_0.id 
    offset
        ? rows 
    fetch
        first ? rows only
2025-12-23 22:07:43.726 [http-nio-8081-exec-5] INFO  c.c.c.controller.CustomerController - REST request to get all customers - page: 0, size: 10000
2025-12-23 22:07:43.728 [http-nio-8081-exec-5] INFO  c.c.c.s.impl.CustomerServiceImpl - Fetching all customers - Page: 0, Size: 10000
2025-12-23 22:07:43.731 [http-nio-8081-exec-5] DEBUG org.hibernate.SQL - 
    /* <criteria> */ select
        c1_0.id,
        c1_0.address,
        c1_0.city,
        c1_0.created_at,
        c1_0.date_of_birth,
        c1_0.email,
        c1_0.first_name,
        c1_0.last_name,
        c1_0.phone,
        c1_0.state,
        c1_0.status,
        c1_0.updated_at,
        c1_0.zip_code 
    from
        customers c1_0 
    order by
        c1_0.id 
    offset
        ? rows 
    fetch
        first ? rows only
2025-12-23 22:08:46.465 [http-nio-8081-exec-8] INFO  c.c.c.controller.CustomerController - REST request to get all customers - page: 0, size: 10
2025-12-23 22:08:46.466 [http-nio-8081-exec-8] INFO  c.c.c.s.impl.CustomerServiceImpl - Fetching all customers - Page: 0, Size: 10
2025-12-23 22:08:46.480 [http-nio-8081-exec-8] DEBUG org.hibernate.SQL - 
    /* <criteria> */ select
        c1_0.id,
        c1_0.address,
        c1_0.city,
        c1_0.created_at,
        c1_0.date_of_birth,
        c1_0.email,
        c1_0.first_name,
        c1_0.last_name,
        c1_0.phone,
        c1_0.state,
        c1_0.status,
        c1_0.updated_at,
        c1_0.zip_code 
    from
        customers c1_0 
    order by
        c1_0.id 
    offset
        ? rows 
    fetch
        first ? rows only
2025-12-23 22:08:46.511 [http-nio-8081-exec-9] INFO  c.c.c.controller.CustomerController - REST request to get all customers - page: 0, size: 10
2025-12-23 22:08:46.514 [http-nio-8081-exec-9] INFO  c.c.c.s.impl.CustomerServiceImpl - Fetching all customers - Page: 0, Size: 10
2025-12-23 22:08:46.517 [http-nio-8081-exec-9] DEBUG org.hibernate.SQL - 
    /* <criteria> */ select
        c1_0.id,
        c1_0.address,
        c1_0.city,
        c1_0.created_at,
        c1_0.date_of_birth,
        c1_0.email,
        c1_0.first_name,
        c1_0.last_name,
        c1_0.phone,
        c1_0.state,
        c1_0.status,
        c1_0.updated_at,
        c1_0.zip_code 
    from
        customers c1_0 
    order by
        c1_0.id 
    offset
        ? rows 
    fetch
        first ? rows only
