2025-12-22 11:20:59.212 [background-preinit] INFO  o.h.validator.internal.util.Version - HV000001: Hibernate Validator 8.0.3.Final
2025-12-22 11:20:59.443 [restartedMain] INFO  c.c.c.CustomerServiceApplication - Starting CustomerServiceApplication using Java 17.0.17 with PID 16896 (C:\Users\abehera042\Project_Works\credit-card-portal\backend\customer-service\target\classes started by abehera042 in C:\Users\abehera042\Project_Works\credit-card-portal\backend\customer-service)
2025-12-22 11:20:59.444 [restartedMain] DEBUG c.c.c.CustomerServiceApplication - Running with Spring Boot v3.4.12, Spring v6.2.14
2025-12-22 11:20:59.447 [restartedMain] INFO  c.c.c.CustomerServiceApplication - No active profile set, falling back to 1 default profile: "default"
2025-12-22 11:20:59.568 [restartedMain] INFO  o.s.b.d.e.DevToolsPropertyDefaultsPostProcessor - Devtools property defaults active! Set 'spring.devtools.add-properties' to 'false' to disable
2025-12-22 11:20:59.568 [restartedMain] INFO  o.s.b.d.e.DevToolsPropertyDefaultsPostProcessor - For additional web related logging consider setting the 'logging.level.web' property to 'DEBUG'
2025-12-22 11:21:01.552 [restartedMain] INFO  o.s.c.i.s.PropertySourceProcessor - Properties location [classpath:application-${spring.profiles.active}.properties] not resolvable: Could not resolve placeholder 'spring.profiles.active' in value "classpath:application-${spring.profiles.active}.properties"
2025-12-22 11:21:03.098 [restartedMain] DEBUG o.s.c.o.FeignClientsRegistrar$1 - Identified candidate component class: file [C:\Users\abehera042\Project_Works\credit-card-portal\backend\customer-service\target\classes\com\creditcard\customer\feign\CardServiceClient.class]
2025-12-22 11:21:04.444 [restartedMain] INFO  o.s.d.r.c.RepositoryConfigurationDelegate - Bootstrapping Spring Data JPA repositories in DEFAULT mode.
2025-12-22 11:21:04.599 [restartedMain] INFO  o.s.d.r.c.RepositoryConfigurationDelegate - Finished Spring Data repository scanning in 130 ms. Found 1 JPA repository interface.
2025-12-22 11:21:05.271 [restartedMain] INFO  o.s.cloud.context.scope.GenericScope - BeanFactory id=5768698d-c3ad-35ce-a4f9-52671ec2d9bc
2025-12-22 11:21:07.151 [restartedMain] INFO  o.s.b.w.e.tomcat.TomcatWebServer - Tomcat initialized with port 8081 (http)
2025-12-22 11:21:07.180 [restartedMain] INFO  o.a.coyote.http11.Http11NioProtocol - Initializing ProtocolHandler ["http-nio-8081"]
2025-12-22 11:21:07.186 [restartedMain] INFO  o.a.catalina.core.StandardService - Starting service [Tomcat]
2025-12-22 11:21:07.186 [restartedMain] INFO  o.a.catalina.core.StandardEngine - Starting Servlet engine: [Apache Tomcat/10.1.49]
2025-12-22 11:21:07.382 [restartedMain] INFO  o.a.c.c.C.[Tomcat].[localhost].[/] - Initializing Spring embedded WebApplicationContext
2025-12-22 11:21:07.383 [restartedMain] INFO  o.s.b.w.s.c.ServletWebServerApplicationContext - Root WebApplicationContext: initialization completed in 7812 ms
2025-12-22 11:21:08.180 [restartedMain] INFO  com.zaxxer.hikari.HikariDataSource - CustomerServiceHikariCP - Starting...
2025-12-22 11:21:09.395 [restartedMain] INFO  com.zaxxer.hikari.pool.HikariPool - CustomerServiceHikariCP - Added connection org.postgresql.jdbc.PgConnection@46438146
2025-12-22 11:21:09.400 [restartedMain] INFO  com.zaxxer.hikari.HikariDataSource - CustomerServiceHikariCP - Start completed.
2025-12-22 11:21:09.714 [restartedMain] INFO  o.h.jpa.internal.util.LogHelper - HHH000204: Processing PersistenceUnitInfo [name: default]
2025-12-22 11:21:09.867 [restartedMain] INFO  org.hibernate.Version - HHH000412: Hibernate ORM core version 6.6.36.Final
2025-12-22 11:21:09.973 [restartedMain] INFO  o.h.c.i.RegionFactoryInitiator - HHH000026: Second-level cache disabled
2025-12-22 11:21:10.751 [restartedMain] INFO  o.s.o.j.p.SpringPersistenceUnitInfo - No LoadTimeWeaver setup: ignoring JPA class transformer
2025-12-22 11:21:10.955 [restartedMain] WARN  org.hibernate.orm.deprecation - HHH90000025: PostgreSQLDialect does not need to be specified explicitly using 'hibernate.dialect' (remove the property setting and it will be selected by default)
2025-12-22 11:21:11.008 [restartedMain] INFO  o.hibernate.orm.connections.pooling - HHH10001005: Database info:
	Database JDBC URL [Connecting through datasource 'HikariDataSource (CustomerServiceHikariCP)']
	Database driver: undefined/unknown
	Database version: 17.7
	Autocommit mode: undefined/unknown
	Isolation level: undefined/unknown
	Minimum pool size: undefined/unknown
	Maximum pool size: undefined/unknown
2025-12-22 11:21:14.733 [restartedMain] INFO  o.h.e.t.j.p.i.JtaPlatformInitiator - HHH000489: No JTA platform available (set 'hibernate.transaction.jta.platform' to enable JTA platform integration)
2025-12-22 11:21:15.876 [restartedMain] INFO  o.s.o.j.LocalContainerEntityManagerFactoryBean - Initialized JPA EntityManagerFactory for persistence unit 'default'
2025-12-22 11:21:17.420 [restartedMain] INFO  o.s.d.j.r.query.QueryEnhancerFactory - Hibernate is in classpath; If applicable, HQL parser will be used.
2025-12-22 11:21:19.120 [restartedMain] DEBUG o.s.c.o.FeignClientFactoryBean - Creating a FeignClientFactoryBean.
2025-12-22 11:21:22.434 [restartedMain] INFO  o.s.b.a.e.web.EndpointLinksResolver - Exposing 3 endpoints beneath base path '/actuator'
2025-12-22 11:21:27.403 [restartedMain] INFO  o.s.b.d.a.OptionalLiveReloadServer - LiveReload server is running on port 35729
2025-12-22 11:21:28.931 [restartedMain] INFO  o.s.cloud.commons.util.InetUtils - Cannot determine local hostname
2025-12-22 11:21:29.360 [restartedMain] INFO  o.a.coyote.http11.Http11NioProtocol - Starting ProtocolHandler ["http-nio-8081"]
2025-12-22 11:21:29.449 [restartedMain] INFO  o.s.b.w.e.tomcat.TomcatWebServer - Tomcat started on port 8081 (http) with context path '/'
2025-12-22 11:21:30.874 [restartedMain] INFO  o.s.cloud.commons.util.InetUtils - Cannot determine local hostname
2025-12-22 11:21:30.925 [restartedMain] INFO  c.c.c.CustomerServiceApplication - Started CustomerServiceApplication in 34.438 seconds (process running for 64.741)
2025-12-22 11:21:31.987 [RMI TCP Connection(4)-127.0.0.1] INFO  o.a.c.c.C.[Tomcat].[localhost].[/] - Initializing Spring DispatcherServlet 'dispatcherServlet'
2025-12-22 11:21:31.987 [RMI TCP Connection(4)-127.0.0.1] INFO  o.s.web.servlet.DispatcherServlet - Initializing Servlet 'dispatcherServlet'
2025-12-22 11:21:31.994 [RMI TCP Connection(4)-127.0.0.1] INFO  o.s.web.servlet.DispatcherServlet - Completed initialization in 6 ms
2025-12-22 11:37:23.248 [http-nio-8081-exec-1] INFO  c.c.c.controller.CustomerController - REST request to check if customer exists with ID: 36
2025-12-22 11:37:23.264 [http-nio-8081-exec-1] WARN  com.zaxxer.hikari.pool.PoolBase - CustomerServiceHikariCP - Failed to validate connection org.postgresql.jdbc.PgConnection@46438146 (This connection has been closed.). Possibly consider using a shorter maxLifetime value.
2025-12-22 11:37:23.267 [http-nio-8081-exec-1] WARN  com.zaxxer.hikari.pool.PoolBase - CustomerServiceHikariCP - Failed to validate connection org.postgresql.jdbc.PgConnection@233a7caf (This connection has been closed.). Possibly consider using a shorter maxLifetime value.
2025-12-22 11:37:23.269 [http-nio-8081-exec-1] WARN  com.zaxxer.hikari.pool.PoolBase - CustomerServiceHikariCP - Failed to validate connection org.postgresql.jdbc.PgConnection@1d429e56 (This connection has been closed.). Possibly consider using a shorter maxLifetime value.
2025-12-22 11:37:23.271 [http-nio-8081-exec-1] WARN  com.zaxxer.hikari.pool.PoolBase - CustomerServiceHikariCP - Failed to validate connection org.postgresql.jdbc.PgConnection@6fe15457 (This connection has been closed.). Possibly consider using a shorter maxLifetime value.
2025-12-22 11:37:23.273 [http-nio-8081-exec-1] WARN  com.zaxxer.hikari.pool.PoolBase - CustomerServiceHikariCP - Failed to validate connection org.postgresql.jdbc.PgConnection@4c778b3c (This connection has been closed.). Possibly consider using a shorter maxLifetime value.
2025-12-22 11:37:24.174 [http-nio-8081-exec-1] DEBUG c.c.c.s.impl.CustomerServiceImpl - Checking if customer exists with ID: 36
2025-12-22 11:37:24.336 [http-nio-8081-exec-1] DEBUG org.hibernate.SQL - 
    /* select
        count(*) 
    from
        Customer x 
    WHERE
        x.id = :id */ select
            count(*) 
        from
            customers c1_0 
        where
            c1_0.id=?
2025-12-22 11:37:33.774 [http-nio-8081-exec-2] INFO  c.c.c.controller.CustomerController - REST request to get customer: 36
2025-12-22 11:37:33.776 [http-nio-8081-exec-2] INFO  c.c.c.s.impl.CustomerServiceImpl - Fetching customer with ID: 36
2025-12-22 11:37:33.796 [http-nio-8081-exec-2] DEBUG org.hibernate.SQL - 
    select
        c1_0.id,
        c1_0.address,
        c1_0.city,
        c1_0.created_at,
        c1_0.date_of_birth,
        c1_0.email,
        c1_0.first_name,
        c1_0.last_name,
        c1_0.phone,
        c1_0.state,
        c1_0.status,
        c1_0.updated_at,
        c1_0.zip_code 
    from
        customers c1_0 
    where
        c1_0.id=?
2025-12-22 11:37:33.823 [http-nio-8081-exec-2] ERROR c.c.c.s.impl.CustomerServiceImpl - Customer not found with ID: 36
2025-12-22 11:37:33.831 [http-nio-8081-exec-2] ERROR c.c.c.e.GlobalExceptionHandler - Customer not found: Customer not found with ID: 36
2025-12-22 11:37:33.838 [http-nio-8081-exec-2] WARN  o.s.w.s.m.m.a.ExceptionHandlerExceptionResolver - Resolved [com.creditcard.customer.exception.CustomerNotFoundException: Customer not found with ID: 36]
2025-12-22 11:37:33.861 [http-nio-8081-exec-3] INFO  c.c.c.controller.CustomerController - REST request to get customer: 36
2025-12-22 11:37:33.864 [http-nio-8081-exec-3] INFO  c.c.c.s.impl.CustomerServiceImpl - Fetching customer with ID: 36
2025-12-22 11:37:33.868 [http-nio-8081-exec-3] DEBUG org.hibernate.SQL - 
    select
        c1_0.id,
        c1_0.address,
        c1_0.city,
        c1_0.created_at,
        c1_0.date_of_birth,
        c1_0.email,
        c1_0.first_name,
        c1_0.last_name,
        c1_0.phone,
        c1_0.state,
        c1_0.status,
        c1_0.updated_at,
        c1_0.zip_code 
    from
        customers c1_0 
    where
        c1_0.id=?
2025-12-22 11:37:33.870 [http-nio-8081-exec-3] ERROR c.c.c.s.impl.CustomerServiceImpl - Customer not found with ID: 36
2025-12-22 11:37:33.874 [http-nio-8081-exec-3] ERROR c.c.c.e.GlobalExceptionHandler - Customer not found: Customer not found with ID: 36
2025-12-22 11:37:33.878 [http-nio-8081-exec-3] WARN  o.s.w.s.m.m.a.ExceptionHandlerExceptionResolver - Resolved [com.creditcard.customer.exception.CustomerNotFoundException: Customer not found with ID: 36]
2025-12-22 11:37:56.890 [http-nio-8081-exec-4] INFO  c.c.c.controller.CustomerController - REST request to get customer: 36
2025-12-22 11:37:56.892 [http-nio-8081-exec-4] INFO  c.c.c.s.impl.CustomerServiceImpl - Fetching customer with ID: 36
2025-12-22 11:37:56.893 [http-nio-8081-exec-4] DEBUG org.hibernate.SQL - 
    select
        c1_0.id,
        c1_0.address,
        c1_0.city,
        c1_0.created_at,
        c1_0.date_of_birth,
        c1_0.email,
        c1_0.first_name,
        c1_0.last_name,
        c1_0.phone,
        c1_0.state,
        c1_0.status,
        c1_0.updated_at,
        c1_0.zip_code 
    from
        customers c1_0 
    where
        c1_0.id=?
2025-12-22 11:37:56.895 [http-nio-8081-exec-4] ERROR c.c.c.s.impl.CustomerServiceImpl - Customer not found with ID: 36
2025-12-22 11:37:56.899 [http-nio-8081-exec-4] ERROR c.c.c.e.GlobalExceptionHandler - Customer not found: Customer not found with ID: 36
2025-12-22 11:37:56.905 [http-nio-8081-exec-4] WARN  o.s.w.s.m.m.a.ExceptionHandlerExceptionResolver - Resolved [com.creditcard.customer.exception.CustomerNotFoundException: Customer not found with ID: 36]
2025-12-22 11:37:57.227 [http-nio-8081-exec-5] INFO  c.c.c.controller.CustomerController - REST request to create customer: a@gmail.com
2025-12-22 11:37:57.231 [http-nio-8081-exec-5] INFO  c.c.c.s.impl.CustomerServiceImpl - Creating customer with email: a@gmail.com
2025-12-22 11:37:57.273 [http-nio-8081-exec-5] DEBUG org.hibernate.SQL - 
    /* <criteria> */ select
        c1_0.id 
    from
        customers c1_0 
    where
        c1_0.email=? 
    fetch
        first ? rows only
2025-12-22 11:37:57.348 [http-nio-8081-exec-5] DEBUG org.hibernate.SQL - 
    /* insert for
        com.creditcard.customer.entity.Customer */insert 
    into
        customers (address, city, created_at, date_of_birth, email, first_name, last_name, phone, state, status, updated_at, zip_code) 
    values
        (?, ?, ?, ?, ?, ?, ?, ?, ?, ?, ?, ?)
2025-12-22 11:37:57.401 [http-nio-8081-exec-5] INFO  c.c.c.s.impl.CustomerServiceImpl - Customer created successfully with ID: 35
2025-12-22 11:37:57.463 [http-nio-8081-exec-7] INFO  c.c.c.controller.CustomerController - REST request to get customer: 36
2025-12-22 11:37:57.464 [http-nio-8081-exec-7] INFO  c.c.c.s.impl.CustomerServiceImpl - Fetching customer with ID: 36
2025-12-22 11:37:57.464 [http-nio-8081-exec-7] DEBUG org.hibernate.SQL - 
    select
        c1_0.id,
        c1_0.address,
        c1_0.city,
        c1_0.created_at,
        c1_0.date_of_birth,
        c1_0.email,
        c1_0.first_name,
        c1_0.last_name,
        c1_0.phone,
        c1_0.state,
        c1_0.status,
        c1_0.updated_at,
        c1_0.zip_code 
    from
        customers c1_0 
    where
        c1_0.id=?
2025-12-22 11:37:57.468 [http-nio-8081-exec-7] ERROR c.c.c.s.impl.CustomerServiceImpl - Customer not found with ID: 36
2025-12-22 11:37:57.470 [http-nio-8081-exec-7] ERROR c.c.c.e.GlobalExceptionHandler - Customer not found: Customer not found with ID: 36
2025-12-22 11:37:57.472 [http-nio-8081-exec-7] WARN  o.s.w.s.m.m.a.ExceptionHandlerExceptionResolver - Resolved [com.creditcard.customer.exception.CustomerNotFoundException: Customer not found with ID: 36]
2025-12-22 11:38:12.504 [http-nio-8081-exec-6] INFO  c.c.c.controller.CustomerController - REST request to check if customer exists with ID: 36
2025-12-22 11:38:12.505 [http-nio-8081-exec-6] DEBUG c.c.c.s.impl.CustomerServiceImpl - Checking if customer exists with ID: 36
2025-12-22 11:38:12.510 [http-nio-8081-exec-6] DEBUG org.hibernate.SQL - 
    /* select
        count(*) 
    from
        Customer x 
    WHERE
        x.id = :id */ select
            count(*) 
        from
            customers c1_0 
        where
            c1_0.id=?
2025-12-22 11:40:57.198 [http-nio-8081-exec-10] INFO  c.c.c.controller.CustomerController - REST request to check if customer exists with ID: 36
2025-12-22 11:40:57.201 [http-nio-8081-exec-10] DEBUG c.c.c.s.impl.CustomerServiceImpl - Checking if customer exists with ID: 36
2025-12-22 11:40:57.203 [http-nio-8081-exec-10] DEBUG org.hibernate.SQL - 
    /* select
        count(*) 
    from
        Customer x 
    WHERE
        x.id = :id */ select
            count(*) 
        from
            customers c1_0 
        where
            c1_0.id=?
2025-12-22 11:41:02.502 [http-nio-8081-exec-1] INFO  c.c.c.controller.CustomerController - REST request to check if customer exists with ID: 36
2025-12-22 11:41:02.503 [http-nio-8081-exec-1] DEBUG c.c.c.s.impl.CustomerServiceImpl - Checking if customer exists with ID: 36
2025-12-22 11:41:02.505 [http-nio-8081-exec-1] DEBUG org.hibernate.SQL - 
    /* select
        count(*) 
    from
        Customer x 
    WHERE
        x.id = :id */ select
            count(*) 
        from
            customers c1_0 
        where
            c1_0.id=?
2025-12-22 11:41:37.293 [http-nio-8081-exec-2] INFO  c.c.c.controller.CustomerController - REST request to check if customer exists with ID: 36
2025-12-22 11:41:37.294 [http-nio-8081-exec-2] DEBUG c.c.c.s.impl.CustomerServiceImpl - Checking if customer exists with ID: 36
2025-12-22 11:41:37.296 [http-nio-8081-exec-2] DEBUG org.hibernate.SQL - 
    /* select
        count(*) 
    from
        Customer x 
    WHERE
        x.id = :id */ select
            count(*) 
        from
            customers c1_0 
        where
            c1_0.id=?
2025-12-22 11:41:54.298 [http-nio-8081-exec-3] INFO  c.c.c.controller.CustomerController - REST request to check if customer exists with ID: 36
2025-12-22 11:41:54.299 [http-nio-8081-exec-3] DEBUG c.c.c.s.impl.CustomerServiceImpl - Checking if customer exists with ID: 36
2025-12-22 11:41:54.301 [http-nio-8081-exec-3] DEBUG org.hibernate.SQL - 
    /* select
        count(*) 
    from
        Customer x 
    WHERE
        x.id = :id */ select
            count(*) 
        from
            customers c1_0 
        where
            c1_0.id=?
2025-12-22 11:42:16.630 [http-nio-8081-exec-4] INFO  c.c.c.controller.CustomerController - REST request to check if customer exists with ID: 36
2025-12-22 11:42:16.632 [http-nio-8081-exec-4] DEBUG c.c.c.s.impl.CustomerServiceImpl - Checking if customer exists with ID: 36
2025-12-22 11:42:16.634 [http-nio-8081-exec-4] DEBUG org.hibernate.SQL - 
    /* select
        count(*) 
    from
        Customer x 
    WHERE
        x.id = :id */ select
            count(*) 
        from
            customers c1_0 
        where
            c1_0.id=?
2025-12-22 12:05:36.592 [RMI TCP Connection(50)-127.0.0.1] INFO  o.s.b.a.SpringApplicationAdminMXBeanRegistrar$SpringApplicationAdmin - Application shutdown requested.
2025-12-22 12:05:36.597 [RMI TCP Connection(50)-127.0.0.1] INFO  o.s.b.w.e.tomcat.GracefulShutdown - Commencing graceful shutdown. Waiting for active requests to complete
2025-12-22 12:05:36.599 [tomcat-shutdown] INFO  o.a.coyote.http11.Http11NioProtocol - Pausing ProtocolHandler ["http-nio-8081"]
2025-12-22 12:05:37.093 [tomcat-shutdown] INFO  o.s.b.w.e.tomcat.GracefulShutdown - Graceful shutdown complete
2025-12-22 12:05:37.094 [RMI TCP Connection(50)-127.0.0.1] INFO  o.a.coyote.http11.Http11NioProtocol - Stopping ProtocolHandler ["http-nio-8081"]
2025-12-22 12:05:37.114 [RMI TCP Connection(50)-127.0.0.1] INFO  o.s.o.j.LocalContainerEntityManagerFactoryBean - Closing JPA EntityManagerFactory for persistence unit 'default'
2025-12-22 12:05:37.123 [RMI TCP Connection(50)-127.0.0.1] INFO  com.zaxxer.hikari.HikariDataSource - CustomerServiceHikariCP - Shutdown initiated...
2025-12-22 12:05:37.137 [RMI TCP Connection(50)-127.0.0.1] INFO  com.zaxxer.hikari.HikariDataSource - CustomerServiceHikariCP - Shutdown completed.
2025-12-22 19:26:32.548 [background-preinit] INFO  o.h.validator.internal.util.Version - HV000001: Hibernate Validator 8.0.3.Final
2025-12-22 19:26:32.711 [restartedMain] INFO  c.c.c.CustomerServiceApplication - Starting CustomerServiceApplication using Java 17.0.17 with PID 20040 (C:\Users\abehera042\Project_Works\credit-card-portal\backend\customer-service\target\classes started by abehera042 in C:\Users\abehera042\Project_Works\credit-card-portal\backend\customer-service)
2025-12-22 19:26:32.712 [restartedMain] DEBUG c.c.c.CustomerServiceApplication - Running with Spring Boot v3.4.12, Spring v6.2.14
2025-12-22 19:26:32.714 [restartedMain] INFO  c.c.c.CustomerServiceApplication - No active profile set, falling back to 1 default profile: "default"
2025-12-22 19:26:32.810 [restartedMain] INFO  o.s.b.d.e.DevToolsPropertyDefaultsPostProcessor - Devtools property defaults active! Set 'spring.devtools.add-properties' to 'false' to disable
2025-12-22 19:26:32.811 [restartedMain] INFO  o.s.b.d.e.DevToolsPropertyDefaultsPostProcessor - For additional web related logging consider setting the 'logging.level.web' property to 'DEBUG'
2025-12-22 19:26:33.104 [restartedMain] INFO  o.s.c.i.s.PropertySourceProcessor - Properties location [classpath:application-${spring.profiles.active}.properties] not resolvable: Could not resolve placeholder 'spring.profiles.active' in value "classpath:application-${spring.profiles.active}.properties"
2025-12-22 19:26:34.310 [restartedMain] DEBUG o.s.c.o.FeignClientsRegistrar$1 - Identified candidate component class: file [C:\Users\abehera042\Project_Works\credit-card-portal\backend\customer-service\target\classes\com\creditcard\customer\feign\CardServiceClient.class]
2025-12-22 19:26:35.313 [restartedMain] INFO  o.s.d.r.c.RepositoryConfigurationDelegate - Bootstrapping Spring Data JPA repositories in DEFAULT mode.
2025-12-22 19:26:35.434 [restartedMain] INFO  o.s.d.r.c.RepositoryConfigurationDelegate - Finished Spring Data repository scanning in 98 ms. Found 1 JPA repository interface.
2025-12-22 19:26:35.958 [restartedMain] INFO  o.s.cloud.context.scope.GenericScope - BeanFactory id=5768698d-c3ad-35ce-a4f9-52671ec2d9bc
2025-12-22 19:26:37.422 [restartedMain] INFO  o.s.b.w.e.tomcat.TomcatWebServer - Tomcat initialized with port 8081 (http)
2025-12-22 19:26:37.442 [restartedMain] INFO  o.a.coyote.http11.Http11NioProtocol - Initializing ProtocolHandler ["http-nio-8081"]
2025-12-22 19:26:37.447 [restartedMain] INFO  o.a.catalina.core.StandardService - Starting service [Tomcat]
2025-12-22 19:26:37.448 [restartedMain] INFO  o.a.catalina.core.StandardEngine - Starting Servlet engine: [Apache Tomcat/10.1.49]
2025-12-22 19:26:37.582 [restartedMain] INFO  o.a.c.c.C.[Tomcat].[localhost].[/] - Initializing Spring embedded WebApplicationContext
2025-12-22 19:26:37.583 [restartedMain] INFO  o.s.b.w.s.c.ServletWebServerApplicationContext - Root WebApplicationContext: initialization completed in 4771 ms
2025-12-22 19:26:38.226 [restartedMain] INFO  com.zaxxer.hikari.HikariDataSource - CustomerServiceHikariCP - Starting...
2025-12-22 19:26:39.241 [restartedMain] INFO  com.zaxxer.hikari.pool.HikariPool - CustomerServiceHikariCP - Added connection org.postgresql.jdbc.PgConnection@22103ef6
2025-12-22 19:26:39.245 [restartedMain] INFO  com.zaxxer.hikari.HikariDataSource - CustomerServiceHikariCP - Start completed.
2025-12-22 19:26:39.453 [restartedMain] INFO  o.h.jpa.internal.util.LogHelper - HHH000204: Processing PersistenceUnitInfo [name: default]
2025-12-22 19:26:39.552 [restartedMain] INFO  org.hibernate.Version - HHH000412: Hibernate ORM core version 6.6.36.Final
2025-12-22 19:26:39.626 [restartedMain] INFO  o.h.c.i.RegionFactoryInitiator - HHH000026: Second-level cache disabled
2025-12-22 19:26:40.215 [restartedMain] INFO  o.s.o.j.p.SpringPersistenceUnitInfo - No LoadTimeWeaver setup: ignoring JPA class transformer
2025-12-22 19:26:40.358 [restartedMain] WARN  org.hibernate.orm.deprecation - HHH90000025: PostgreSQLDialect does not need to be specified explicitly using 'hibernate.dialect' (remove the property setting and it will be selected by default)
2025-12-22 19:26:40.394 [restartedMain] INFO  o.hibernate.orm.connections.pooling - HHH10001005: Database info:
	Database JDBC URL [Connecting through datasource 'HikariDataSource (CustomerServiceHikariCP)']
	Database driver: undefined/unknown
	Database version: 17.7
	Autocommit mode: undefined/unknown
	Isolation level: undefined/unknown
	Minimum pool size: undefined/unknown
	Maximum pool size: undefined/unknown
2025-12-22 19:26:42.069 [restartedMain] INFO  o.h.e.t.j.p.i.JtaPlatformInitiator - HHH000489: No JTA platform available (set 'hibernate.transaction.jta.platform' to enable JTA platform integration)
2025-12-22 19:26:42.301 [restartedMain] INFO  o.s.o.j.LocalContainerEntityManagerFactoryBean - Initialized JPA EntityManagerFactory for persistence unit 'default'
2025-12-22 19:26:42.936 [restartedMain] INFO  o.s.d.j.r.query.QueryEnhancerFactory - Hibernate is in classpath; If applicable, HQL parser will be used.
2025-12-22 19:26:44.029 [restartedMain] DEBUG o.s.c.o.FeignClientFactoryBean - Creating a FeignClientFactoryBean.
2025-12-22 19:26:45.689 [restartedMain] INFO  o.s.b.a.e.web.EndpointLinksResolver - Exposing 3 endpoints beneath base path '/actuator'
2025-12-22 19:26:48.024 [restartedMain] INFO  o.s.b.d.a.OptionalLiveReloadServer - LiveReload server is running on port 35729
2025-12-22 19:26:49.330 [restartedMain] INFO  o.s.cloud.commons.util.InetUtils - Cannot determine local hostname
2025-12-22 19:26:49.555 [restartedMain] INFO  o.a.coyote.http11.Http11NioProtocol - Starting ProtocolHandler ["http-nio-8081"]
2025-12-22 19:26:49.632 [restartedMain] INFO  o.s.b.w.e.tomcat.TomcatWebServer - Tomcat started on port 8081 (http) with context path '/'
2025-12-22 19:26:50.868 [restartedMain] INFO  o.s.cloud.commons.util.InetUtils - Cannot determine local hostname
2025-12-22 19:26:50.909 [restartedMain] INFO  c.c.c.CustomerServiceApplication - Started CustomerServiceApplication in 20.506 seconds (process running for 22.43)
2025-12-22 19:26:51.682 [RMI TCP Connection(4)-127.0.0.1] INFO  o.a.c.c.C.[Tomcat].[localhost].[/] - Initializing Spring DispatcherServlet 'dispatcherServlet'
2025-12-22 19:26:51.682 [RMI TCP Connection(4)-127.0.0.1] INFO  o.s.web.servlet.DispatcherServlet - Initializing Servlet 'dispatcherServlet'
2025-12-22 19:26:51.686 [RMI TCP Connection(4)-127.0.0.1] INFO  o.s.web.servlet.DispatcherServlet - Completed initialization in 4 ms
2025-12-22 19:41:27.327 [RMI TCP Connection(28)-127.0.0.1] INFO  o.s.b.a.SpringApplicationAdminMXBeanRegistrar$SpringApplicationAdmin - Application shutdown requested.
2025-12-22 19:41:27.337 [RMI TCP Connection(28)-127.0.0.1] INFO  o.s.b.w.e.tomcat.GracefulShutdown - Commencing graceful shutdown. Waiting for active requests to complete
2025-12-22 19:41:27.345 [tomcat-shutdown] INFO  o.a.coyote.http11.Http11NioProtocol - Pausing ProtocolHandler ["http-nio-8081"]
2025-12-22 19:41:28.298 [tomcat-shutdown] INFO  o.s.b.w.e.tomcat.GracefulShutdown - Graceful shutdown complete
2025-12-22 19:41:28.302 [RMI TCP Connection(28)-127.0.0.1] INFO  o.a.coyote.http11.Http11NioProtocol - Stopping ProtocolHandler ["http-nio-8081"]
2025-12-22 19:41:28.327 [RMI TCP Connection(28)-127.0.0.1] INFO  o.s.o.j.LocalContainerEntityManagerFactoryBean - Closing JPA EntityManagerFactory for persistence unit 'default'
2025-12-22 19:41:28.351 [RMI TCP Connection(28)-127.0.0.1] INFO  com.zaxxer.hikari.HikariDataSource - CustomerServiceHikariCP - Shutdown initiated...
2025-12-22 19:41:28.363 [RMI TCP Connection(28)-127.0.0.1] INFO  com.zaxxer.hikari.HikariDataSource - CustomerServiceHikariCP - Shutdown completed.
